2026-05-19 14:14:21,095 - INFO - DockerManager initialized
2026-05-19 14:14:21,759 - INFO - 就绪，请连接SSH服务器
2026-05-19 14:14:32,829 - INFO - 正在连接 root@10.10.10.221:22 ...
2026-05-19 14:14:33,107 - INFO - ✅ SSH连接成功 10.10.10.221
2026-05-19 14:14:33,939 - INFO - 首页更新: 11容器 21镜像 5网络
2026-05-19 14:14:33,940 - INFO - ✅ Docker信息加载完成
2026-05-19 14:14:34,793 - INFO - 服务操作: systemctl enable docker
2026-05-19 14:14:34,795 - INFO - ▶ 执行: systemctl enable docker
2026-05-19 14:14:35,056 - INFO - ✅ SSH连接成功 10.10.10.221
2026-05-19 14:14:35,057 - INFO - ▶ 执行: systemctl enable docker
2026-05-19 14:14:35,249 - INFO -   ⚠ Created symlink /etc/systemd/system/multi-user.target.wants/docker.service → /usr/lib/systemd/system/docker.service.
2026-05-19 14:14:35,250 - INFO - ▶ 执行: echo OK
2026-05-19 14:14:35,303 - INFO -   OK
2026-05-19 14:14:35,304 - INFO - ✅ service_enable 操作成功!
2026-05-19 14:14:35,804 - INFO - 正在刷新Docker信息...
2026-05-19 14:14:36,072 - INFO - ✅ SSH连接成功 10.10.10.221
2026-05-19 14:14:36,391 - INFO - 服务操作: systemctl enable docker
2026-05-19 14:14:36,392 - INFO - ▶ 执行: systemctl enable docker
2026-05-19 14:14:36,653 - INFO - ✅ SSH连接成功 10.10.10.221
2026-05-19 14:14:36,653 - INFO - ▶ 执行: systemctl enable docker
2026-05-19 14:14:36,823 - INFO - ▶ 执行: echo OK
2026-05-19 14:14:36,876 - INFO -   OK
2026-05-19 14:14:36,877 - INFO - ✅ service_enable 操作成功!
2026-05-19 14:14:37,004 - INFO - 首页更新: 11容器 21镜像 5网络
2026-05-19 14:14:37,005 - INFO - ✅ Docker信息加载完成
2026-05-19 14:14:37,385 - INFO - 正在刷新Docker信息...
2026-05-19 14:14:37,652 - INFO - ✅ SSH连接成功 10.10.10.221
2026-05-19 14:14:38,412 - INFO - 首页更新: 11容器 21镜像 5网络
2026-05-19 14:14:38,413 - INFO - ✅ Docker信息加载完成
2026-05-19 14:14:40,524 - INFO - 服务操作: systemctl disable docker
2026-05-19 14:14:40,525 - INFO - ▶ 执行: systemctl disable docker
2026-05-19 14:14:41,003 - INFO - ✅ SSH连接成功 10.10.10.221
2026-05-19 14:14:41,004 - INFO - ▶ 执行: systemctl disable docker
2026-05-19 14:14:41,183 - INFO -   ⚠ Removed /etc/systemd/system/multi-user.target.wants/docker.service.
2026-05-19 14:14:41,184 - INFO - ▶ 执行: echo OK
2026-05-19 14:14:41,240 - INFO -   OK
2026-05-19 14:14:41,241 - INFO - ✅ service_disable 操作成功!
2026-05-19 14:14:41,738 - INFO - 正在刷新Docker信息...
2026-05-19 14:14:42,121 - INFO - ✅ SSH连接成功 10.10.10.221
2026-05-19 14:14:42,881 - INFO - 首页更新: 11容器 21镜像 5网络
2026-05-19 14:14:42,882 - INFO - ✅ Docker信息加载完成
2026-05-19 14:14:45,317 - INFO - 服务操作: systemctl stop docker
2026-05-19 14:14:45,317 - INFO - ▶ 执行: systemctl stop docker
2026-05-19 14:14:45,591 - INFO - ✅ SSH连接成功 10.10.10.221
2026-05-19 14:14:45,592 - INFO - ▶ 执行: systemctl stop docker
2026-05-19 14:14:56,539 - INFO - ▶ 执行: echo OK
2026-05-19 14:14:56,595 - INFO -   OK
2026-05-19 14:14:56,597 - INFO - ✅ service_stop 操作成功!
2026-05-19 14:14:57,105 - INFO - 正在刷新Docker信息...
2026-05-19 14:14:57,393 - INFO - ✅ SSH连接成功 10.10.10.221
2026-05-19 14:14:58,115 - INFO - 首页更新: 0容器 0镜像 0网络
2026-05-19 14:14:58,117 - INFO - ✅ Docker信息加载完成
2026-05-19 14:15:04,261 - INFO - 服务操作: systemctl enable docker
2026-05-19 14:15:04,262 - INFO - ▶ 执行: systemctl enable docker
2026-05-19 14:15:04,536 - INFO - ✅ SSH连接成功 10.10.10.221
2026-05-19 14:15:04,536 - INFO - ▶ 执行: systemctl enable docker
2026-05-19 14:15:04,712 - INFO -   ⚠ Created symlink /etc/systemd/system/multi-user.target.wants/docker.service → /usr/lib/systemd/system/docker.service.
2026-05-19 14:15:04,712 - INFO - ▶ 执行: echo OK
2026-05-19 14:15:04,766 - INFO -   OK
2026-05-19 14:15:04,767 - INFO - ✅ service_enable 操作成功!
2026-05-19 14:15:05,275 - INFO - 正在刷新Docker信息...
2026-05-19 14:15:05,545 - INFO - ✅ SSH连接成功 10.10.10.221
2026-05-19 14:15:06,271 - INFO - 首页更新: 0容器 0镜像 0网络
2026-05-19 14:15:06,273 - INFO - ✅ Docker信息加载完成
2026-05-19 14:15:08,469 - INFO - 服务操作: systemctl start docker
2026-05-19 14:15:08,469 - INFO - ▶ 执行: systemctl start docker
2026-05-19 14:15:08,805 - INFO - ✅ SSH连接成功 10.10.10.221
2026-05-19 14:15:08,806 - INFO - ▶ 执行: systemctl start docker
2026-05-19 14:15:11,645 - INFO - ▶ 执行: echo OK
2026-05-19 14:15:11,711 - INFO -   OK
2026-05-19 14:15:11,712 - INFO - ✅ service_start 操作成功!
2026-05-19 14:15:12,207 - INFO - 正在刷新Docker信息...
2026-05-19 14:15:12,585 - INFO - ✅ SSH连接成功 10.10.10.221
2026-05-19 14:15:13,968 - INFO - 首页更新: 11容器 21镜像 5网络
2026-05-19 14:15:13,970 - INFO - ✅ Docker信息加载完成
2026-05-19 14:26:42,103 - INFO - ▶ 执行: docker rmi 4fc884b61351
2026-05-19 14:26:42,391 - INFO - ✅ SSH连接成功 10.10.10.221
2026-05-19 14:26:42,392 - INFO - ▶ 执行: docker rmi 4fc884b61351
2026-05-19 14:26:42,500 - INFO -   Deleted: sha256:4fc884b61351c860ab106f9852d4d68f8acfd4380aaac6711cb30fb54fe9b5e2
2026-05-19 14:26:42,501 - INFO - ▶ 执行: echo OK
2026-05-19 14:26:42,556 - INFO -   OK
2026-05-19 14:26:42,557 - INFO - ✅ del_image_4fc884b61351 操作成功!
2026-05-19 14:26:43,050 - INFO - 正在刷新Docker信息...
2026-05-19 14:26:43,336 - INFO - ✅ SSH连接成功 10.10.10.221
2026-05-19 14:26:44,115 - INFO - 首页更新: 11容器 20镜像 5网络
2026-05-19 14:26:44,117 - INFO - ✅ Docker信息加载完成
2026-05-19 14:26:50,415 - INFO - ▶ 执行: docker rmi 2b8616fcf725
2026-05-19 14:26:50,704 - INFO - ✅ SSH连接成功 10.10.10.221
2026-05-19 14:26:50,704 - INFO - ▶ 执行: docker rmi 2b8616fcf725
2026-05-19 14:26:50,805 - INFO -   Deleted: sha256:2b8616fcf7257f3a64c78b86799720fa275f7ca2c42458bdda8594c5f4a9438f
2026-05-19 14:26:50,806 - INFO - ▶ 执行: echo OK
2026-05-19 14:26:50,860 - INFO -   OK
2026-05-19 14:26:50,861 - INFO - ✅ del_image_2b8616fcf725 操作成功!
2026-05-19 14:26:51,366 - INFO - 正在刷新Docker信息...
2026-05-19 14:26:51,642 - INFO - ✅ SSH连接成功 10.10.10.221
2026-05-19 14:26:52,396 - INFO - 首页更新: 11容器 19镜像 5网络
2026-05-19 14:26:52,397 - INFO - ✅ Docker信息加载完成
2026-05-19 14:26:56,768 - INFO - ▶ 执行: docker rmi 61fe3501f150
2026-05-19 14:26:57,047 - INFO - ✅ SSH连接成功 10.10.10.221
2026-05-19 14:26:57,048 - INFO - ▶ 执行: docker rmi 61fe3501f150
2026-05-19 14:26:57,145 - INFO -   ⚠ Error response from daemon: conflict: unable to delete 61fe3501f150 (cannot be forced) - image is being used by running container cb7ebdb76dac
2026-05-19 14:26:57,147 - INFO - ▶ 执行: echo OK
2026-05-19 14:26:57,200 - INFO -   OK
2026-05-19 14:26:57,201 - INFO - ✅ del_image_61fe3501f150 操作成功!
2026-05-19 14:26:57,692 - INFO - 正在刷新Docker信息...
2026-05-19 14:26:57,970 - INFO - ✅ SSH连接成功 10.10.10.221
2026-05-19 14:26:58,718 - INFO - 首页更新: 11容器 19镜像 5网络
2026-05-19 14:26:58,719 - INFO - ✅ Docker信息加载完成
2026-05-19 14:27:00,958 - INFO - ▶ 执行: docker rmi abbe01116298
2026-05-19 14:27:01,227 - INFO - ✅ SSH连接成功 10.10.10.221
2026-05-19 14:27:01,228 - INFO - ▶ 执行: docker rmi abbe01116298
2026-05-19 14:27:01,331 - INFO -   Deleted: sha256:abbe0111629839d954bcc18fa3639e9873fea4f2c67021ad2bac668a2c2850e4
2026-05-19 14:27:01,332 - INFO - ▶ 执行: echo OK
2026-05-19 14:27:01,385 - INFO -   OK
2026-05-19 14:27:01,386 - INFO - ✅ del_image_abbe01116298 操作成功!
2026-05-19 14:27:01,878 - INFO - 正在刷新Docker信息...
2026-05-19 14:27:02,144 - INFO - ✅ SSH连接成功 10.10.10.221
2026-05-19 14:27:02,907 - INFO - 首页更新: 11容器 18镜像 5网络
2026-05-19 14:27:02,908 - INFO - ✅ Docker信息加载完成
2026-05-19 14:27:04,972 - INFO - ▶ 执行: docker rmi 61fe3501f150
2026-05-19 14:27:05,245 - INFO - ✅ SSH连接成功 10.10.10.221
2026-05-19 14:27:05,246 - INFO - ▶ 执行: docker rmi 61fe3501f150
2026-05-19 14:27:05,346 - INFO -   ⚠ Error response from daemon: conflict: unable to delete 61fe3501f150 (cannot be forced) - image is being used by running container cb7ebdb76dac
2026-05-19 14:27:05,347 - INFO - ▶ 执行: echo OK
2026-05-19 14:27:05,398 - INFO -   OK
2026-05-19 14:27:05,399 - INFO - ✅ del_image_61fe3501f150 操作成功!
2026-05-19 14:27:05,893 - INFO - 正在刷新Docker信息...
2026-05-19 14:27:06,167 - INFO - ✅ SSH连接成功 10.10.10.221
2026-05-19 14:27:06,920 - INFO - 首页更新: 11容器 18镜像 5网络
2026-05-19 14:27:06,921 - INFO - ✅ Docker信息加载完成
2026-05-19 14:27:09,388 - INFO - ▶ 执行: docker rmi e93e54678712
2026-05-19 14:27:09,673 - INFO - ✅ SSH连接成功 10.10.10.221
2026-05-19 14:27:09,674 - INFO - ▶ 执行: docker rmi e93e54678712
2026-05-19 14:27:09,769 - INFO -   Deleted: sha256:e93e54678712132b8933516019deaa4f9093f50e460ac37aa494e0f6fdbcf7ae
2026-05-19 14:27:09,770 - INFO - ▶ 执行: echo OK
2026-05-19 14:27:09,824 - INFO -   OK
2026-05-19 14:27:09,825 - INFO - ✅ del_image_e93e54678712 操作成功!
2026-05-19 14:27:10,327 - INFO - 正在刷新Docker信息...
2026-05-19 14:27:10,610 - INFO - ✅ SSH连接成功 10.10.10.221
2026-05-19 14:27:11,369 - INFO - 首页更新: 11容器 17镜像 5网络
2026-05-19 14:27:11,371 - INFO - ✅ Docker信息加载完成
2026-05-19 14:27:13,449 - INFO - ▶ 执行: docker rmi 61fe3501f150
2026-05-19 14:27:13,718 - INFO - ✅ SSH连接成功 10.10.10.221
2026-05-19 14:27:13,719 - INFO - ▶ 执行: docker rmi 61fe3501f150
2026-05-19 14:27:13,814 - INFO -   ⚠ Error response from daemon: conflict: unable to delete 61fe3501f150 (cannot be forced) - image is being used by running container cb7ebdb76dac
2026-05-19 14:27:13,815 - INFO - ▶ 执行: echo OK
2026-05-19 14:27:13,868 - INFO -   OK
2026-05-19 14:27:13,869 - INFO - ✅ del_image_61fe3501f150 操作成功!
2026-05-19 14:27:14,374 - INFO - 正在刷新Docker信息...
2026-05-19 14:27:14,660 - INFO - ✅ SSH连接成功 10.10.10.221
2026-05-19 14:27:15,417 - INFO - 首页更新: 11容器 17镜像 5网络
2026-05-19 14:27:15,418 - INFO - ✅ Docker信息加载完成
2026-05-19 14:27:18,779 - INFO - ▶ 执行: docker rmi 61fe3501f150
2026-05-19 14:27:19,048 - INFO - ✅ SSH连接成功 10.10.10.221
2026-05-19 14:27:19,049 - INFO - ▶ 执行: docker rmi 61fe3501f150
2026-05-19 14:27:19,146 - INFO -   ⚠ Error response from daemon: conflict: unable to delete 61fe3501f150 (cannot be forced) - image is being used by running container cb7ebdb76dac
2026-05-19 14:27:19,147 - INFO - ▶ 执行: echo OK
2026-05-19 14:27:19,202 - INFO -   OK
2026-05-19 14:27:19,203 - INFO - ✅ del_image_61fe3501f150 操作成功!
2026-05-19 14:27:19,701 - INFO - 正在刷新Docker信息...
2026-05-19 14:27:19,974 - INFO - ✅ SSH连接成功 10.10.10.221
2026-05-19 14:27:20,745 - INFO - 首页更新: 11容器 17镜像 5网络
2026-05-19 14:27:20,747 - INFO - ✅ Docker信息加载完成
2026-05-19 14:27:24,749 - INFO - ▶ 执行: docker rmi 61fe3501f150
2026-05-19 14:27:25,046 - INFO - ✅ SSH连接成功 10.10.10.221
2026-05-19 14:27:25,047 - INFO - ▶ 执行: docker rmi 61fe3501f150
2026-05-19 14:27:25,145 - INFO -   ⚠ Error response from daemon: conflict: unable to delete 61fe3501f150 (cannot be forced) - image is being used by running container cb7ebdb76dac
2026-05-19 14:27:25,146 - INFO - ▶ 执行: echo OK
2026-05-19 14:27:25,199 - INFO -   OK
2026-05-19 14:27:25,202 - INFO - ✅ del_image_61fe3501f150 操作成功!
2026-05-19 14:27:25,692 - INFO - 正在刷新Docker信息...
2026-05-19 14:27:25,962 - INFO - ✅ SSH连接成功 10.10.10.221
2026-05-19 14:27:26,723 - INFO - 首页更新: 11容器 17镜像 5网络
2026-05-19 14:27:26,724 - INFO - ✅ Docker信息加载完成
2026-05-19 14:27:34,560 - INFO - ▶ 执行: docker stop cb7ebdb76dac && docker rm cb7ebdb76dac
2026-05-19 14:27:34,832 - INFO - ✅ SSH连接成功 10.10.10.221
2026-05-19 14:27:34,833 - INFO - ▶ 执行: docker stop cb7ebdb76dac && docker rm cb7ebdb76dac
2026-05-19 14:27:45,173 - INFO -   cb7ebdb76dac
2026-05-19 14:27:45,173 - INFO -   cb7ebdb76dac
2026-05-19 14:27:45,174 - INFO - ▶ 执行: echo OK
2026-05-19 14:27:45,229 - INFO -   OK
2026-05-19 14:27:45,230 - INFO - ✅ del_container_cb7ebdb76dac 操作成功!
2026-05-19 14:27:45,723 - INFO - 正在刷新Docker信息...
2026-05-19 14:27:45,998 - INFO - ✅ SSH连接成功 10.10.10.221
2026-05-19 14:27:46,746 - INFO - 首页更新: 10容器 17镜像 5网络
2026-05-19 14:27:46,747 - INFO - ✅ Docker信息加载完成
2026-05-19 14:27:49,746 - INFO - ▶ 执行: docker rmi 61fe3501f150
2026-05-19 14:27:50,051 - INFO - ✅ SSH连接成功 10.10.10.221
2026-05-19 14:27:50,051 - INFO - ▶ 执行: docker rmi 61fe3501f150
2026-05-19 14:27:50,151 - INFO -   Deleted: sha256:61fe3501f150e63f4c20aae3ca768703af4d544ce131d9461220678c133b5e3a
2026-05-19 14:27:50,152 - INFO - ▶ 执行: echo OK
2026-05-19 14:27:50,206 - INFO -   OK
2026-05-19 14:27:50,207 - INFO - ✅ del_image_61fe3501f150 操作成功!
2026-05-19 14:27:50,714 - INFO - 正在刷新Docker信息...
2026-05-19 14:27:50,985 - INFO - ✅ SSH连接成功 10.10.10.221
2026-05-19 14:27:51,739 - INFO - 首页更新: 10容器 16镜像 5网络
2026-05-19 14:27:51,740 - INFO - ✅ Docker信息加载完成
2026-05-19 14:27:59,511 - INFO - ▶ 执行: docker rmi fda07cf3720f
2026-05-19 14:27:59,796 - INFO - ✅ SSH连接成功 10.10.10.221
2026-05-19 14:27:59,797 - INFO - ▶ 执行: docker rmi fda07cf3720f
2026-05-19 14:27:59,888 - INFO -   Deleted: sha256:fda07cf3720fdd8947340802d27298f626391003c0d2f92e5227d1faf6730246
2026-05-19 14:27:59,889 - INFO - ▶ 执行: echo OK
2026-05-19 14:27:59,943 - INFO -   OK
2026-05-19 14:27:59,944 - INFO - ✅ del_image_fda07cf3720f 操作成功!
2026-05-19 14:28:00,450 - INFO - 正在刷新Docker信息...
2026-05-19 14:28:00,728 - INFO - ✅ SSH连接成功 10.10.10.221
2026-05-19 14:28:01,491 - INFO - 首页更新: 10容器 15镜像 5网络
2026-05-19 14:28:01,493 - INFO - ✅ Docker信息加载完成
2026-05-19 14:28:26,505 - INFO - ▶ 执行: docker rmi 98f507a2c654
2026-05-19 14:28:26,785 - INFO - ✅ SSH连接成功 10.10.10.221
2026-05-19 14:28:26,786 - INFO - ▶ 执行: docker rmi 98f507a2c654
2026-05-19 14:28:26,879 - INFO -   Deleted: sha256:98f507a2c654cf0fe9729ca6ccf8e90b02d6f8bc69bc2307f63ca9e05223653a
2026-05-19 14:28:26,880 - INFO - ▶ 执行: echo OK
2026-05-19 14:28:26,933 - INFO -   OK
2026-05-19 14:28:26,934 - INFO - ✅ del_image_98f507a2c654 操作成功!
2026-05-19 14:28:27,425 - INFO - 正在刷新Docker信息...
2026-05-19 14:28:27,705 - INFO - ✅ SSH连接成功 10.10.10.221
2026-05-19 14:28:28,469 - INFO - 首页更新: 10容器 14镜像 5网络
2026-05-19 14:28:28,495 - INFO - ✅ Docker信息加载完成
2026-05-19 14:28:32,797 - INFO - ▶ 执行: docker rmi 400f743e47c6
2026-05-19 14:28:33,096 - INFO - ✅ SSH连接成功 10.10.10.221
2026-05-19 14:28:33,097 - INFO - ▶ 执行: docker rmi 400f743e47c6
2026-05-19 14:28:33,188 - INFO -   Deleted: sha256:400f743e47c6802187dc8ba4573fe546bdcbda2aa8ccb75d9d6d0eee74474a53
2026-05-19 14:28:33,189 - INFO - ▶ 执行: echo OK
2026-05-19 14:28:33,241 - INFO -   OK
2026-05-19 14:28:33,242 - INFO - ✅ del_image_400f743e47c6 操作成功!
2026-05-19 14:28:33,751 - INFO - 正在刷新Docker信息...
2026-05-19 14:28:34,035 - INFO - ✅ SSH连接成功 10.10.10.221
2026-05-19 14:28:34,808 - INFO - 首页更新: 10容器 13镜像 5网络
2026-05-19 14:28:34,808 - INFO - ✅ Docker信息加载完成
2026-05-19 14:28:56,271 - INFO - ▶ 执行: docker rmi 9e318240ef77
2026-05-19 14:28:56,594 - INFO - ✅ SSH连接成功 10.10.10.221
2026-05-19 14:28:56,595 - INFO - ▶ 执行: docker rmi 9e318240ef77
2026-05-19 14:28:56,693 - INFO -   Deleted: sha256:9e318240ef7733474dda42f088d533848a6517a4a2e66d2225f457775f901042
2026-05-19 14:28:56,693 - INFO - ▶ 执行: echo OK
2026-05-19 14:28:56,747 - INFO -   OK
2026-05-19 14:28:56,748 - INFO - ✅ del_image_9e318240ef77 操作成功!
2026-05-19 14:28:57,238 - INFO - 正在刷新Docker信息...
2026-05-19 14:28:57,511 - INFO - ✅ SSH连接成功 10.10.10.221
2026-05-19 14:28:58,276 - INFO - 首页更新: 10容器 12镜像 5网络
2026-05-19 14:28:58,277 - INFO - ✅ Docker信息加载完成
2026-05-19 14:29:01,042 - INFO - ▶ 执行: docker rmi b50b925d7146
2026-05-19 14:29:01,336 - INFO - ✅ SSH连接成功 10.10.10.221
2026-05-19 14:29:01,337 - INFO - ▶ 执行: docker rmi b50b925d7146
2026-05-19 14:29:01,438 - INFO -   Untagged: bbbbb:20260519
2026-05-19 14:29:01,439 - INFO -   Deleted: sha256:b50b925d7146124ad0dcb3e9e783d9c70da3bea1ea8d4783faf535d3802a5ee1
2026-05-19 14:29:01,440 - INFO - ▶ 执行: echo OK
2026-05-19 14:29:01,492 - INFO -   OK
2026-05-19 14:29:01,493 - INFO - ✅ del_image_b50b925d7146 操作成功!
2026-05-19 14:29:01,998 - INFO - 正在刷新Docker信息...
2026-05-19 14:29:02,276 - INFO - ✅ SSH连接成功 10.10.10.221
2026-05-19 14:29:03,053 - INFO - 首页更新: 10容器 11镜像 5网络
2026-05-19 14:29:03,054 - INFO - ✅ Docker信息加载完成
2026-05-19 14:29:03,908 - INFO - ▶ 执行: docker rmi f09424a5029e
2026-05-19 14:29:04,195 - INFO - ✅ SSH连接成功 10.10.10.221
2026-05-19 14:29:04,195 - INFO - ▶ 执行: docker rmi f09424a5029e
2026-05-19 14:29:04,293 - INFO -   Untagged: 103:20260519
2026-05-19 14:29:04,293 - INFO -   Deleted: sha256:f09424a5029e6a54c67d23ab9e0d8679aee138eefa1271c092414724693e32cd
2026-05-19 14:29:04,294 - INFO -   Deleted: sha256:90bea39bb33fa850a79996bc23fdf0a8559321691de4965fb8d73d6db784859e
2026-05-19 14:29:04,294 - INFO - ▶ 执行: echo OK
2026-05-19 14:29:04,347 - INFO -   OK
2026-05-19 14:29:04,347 - INFO - ✅ del_image_f09424a5029e 操作成功!
2026-05-19 14:29:04,851 - INFO - 正在刷新Docker信息...
2026-05-19 14:29:05,143 - INFO - ✅ SSH连接成功 10.10.10.221
2026-05-19 14:29:05,857 - INFO - ▶ 执行: docker rmi d3620ae97f27
2026-05-19 14:29:06,108 - INFO - 首页更新: 10容器 10镜像 5网络
2026-05-19 14:29:06,109 - INFO - ✅ Docker信息加载完成
2026-05-19 14:29:06,140 - INFO - ✅ SSH连接成功 10.10.10.221
2026-05-19 14:29:06,140 - INFO - ▶ 执行: docker rmi d3620ae97f27
2026-05-19 14:29:06,263 - INFO -   Untagged: 104:20260519
2026-05-19 14:29:06,264 - INFO -   Deleted: sha256:d3620ae97f27777938f9d3c1d59da66951e81f014061a0c10f24c73f8c91543c
2026-05-19 14:29:06,264 - INFO -   Deleted: sha256:bab518217260098ac06b4b68bca2fcebdc256770aec4bc30e824eb86f1b5f92e
2026-05-19 14:29:06,265 - INFO - ▶ 执行: echo OK
2026-05-19 14:29:06,316 - INFO -   OK
2026-05-19 14:29:06,317 - INFO - ✅ del_image_d3620ae97f27 操作成功!
2026-05-19 14:29:06,820 - INFO - 正在刷新Docker信息...
2026-05-19 14:29:07,134 - INFO - ✅ SSH连接成功 10.10.10.221
2026-05-19 14:29:07,860 - INFO - 首页更新: 10容器 9镜像 5网络
2026-05-19 14:29:07,861 - INFO - ✅ Docker信息加载完成
2026-05-19 14:29:07,959 - INFO - ▶ 执行: docker rmi f3a1b36453b9
2026-05-19 14:29:08,231 - INFO - ✅ SSH连接成功 10.10.10.221
2026-05-19 14:29:08,232 - INFO - ▶ 执行: docker rmi f3a1b36453b9
2026-05-19 14:29:08,335 - INFO -   Deleted: sha256:f3a1b36453b9999b5c9bc545504c568c8ef5149e3a5dbd3013c39d114a0fe866
2026-05-19 14:29:08,336 - INFO - ▶ 执行: echo OK
2026-05-19 14:29:08,387 - INFO -   OK
2026-05-19 14:29:08,389 - INFO - ✅ del_image_f3a1b36453b9 操作成功!
2026-05-19 14:29:08,881 - INFO - 正在刷新Docker信息...
2026-05-19 14:29:09,176 - INFO - ✅ SSH连接成功 10.10.10.221
2026-05-19 14:29:09,928 - INFO - 首页更新: 10容器 8镜像 5网络
2026-05-19 14:29:09,930 - INFO - ✅ Docker信息加载完成
2026-05-19 14:29:09,969 - INFO - ▶ 执行: docker rmi 673648767810
2026-05-19 14:29:10,242 - INFO - ✅ SSH连接成功 10.10.10.221
2026-05-19 14:29:10,243 - INFO - ▶ 执行: docker rmi 673648767810
2026-05-19 14:29:10,337 - INFO -   Deleted: sha256:673648767810101043ba3ae7cf4dee2da81fb2bba5b4ddbced3dccec5a9657a7
2026-05-19 14:29:10,338 - INFO - ▶ 执行: echo OK
2026-05-19 14:29:10,390 - INFO -   OK
2026-05-19 14:29:10,392 - INFO - ✅ del_image_673648767810 操作成功!
2026-05-19 14:29:10,989 - INFO - 正在刷新Docker信息...
2026-05-19 14:29:11,277 - INFO - ✅ SSH连接成功 10.10.10.221
2026-05-19 14:29:11,670 - INFO - ▶ 执行: docker rmi 673648767810
2026-05-19 14:29:11,951 - INFO - ✅ SSH连接成功 10.10.10.221
2026-05-19 14:29:11,952 - INFO - ▶ 执行: docker rmi 673648767810
2026-05-19 14:29:12,056 - INFO -   ⚠ Error: No such image: 673648767810
2026-05-19 14:29:12,057 - INFO - ▶ 执行: echo OK
2026-05-19 14:29:12,111 - INFO -   OK
2026-05-19 14:29:12,113 - INFO - ✅ del_image_673648767810 操作成功!
2026-05-19 14:29:12,210 - INFO - 首页更新: 10容器 7镜像 5网络
2026-05-19 14:29:12,213 - INFO - ✅ Docker信息加载完成
2026-05-19 14:29:12,612 - INFO - 正在刷新Docker信息...
2026-05-19 14:29:12,880 - INFO - ✅ SSH连接成功 10.10.10.221
2026-05-19 14:29:13,646 - INFO - 首页更新: 10容器 7镜像 5网络
2026-05-19 14:29:13,647 - INFO - ✅ Docker信息加载完成
2026-05-19 14:29:14,380 - INFO - ▶ 执行: docker rmi 6c24fdae8cbf
2026-05-19 14:29:14,653 - INFO - ✅ SSH连接成功 10.10.10.221
2026-05-19 14:29:14,653 - INFO - ▶ 执行: docker rmi 6c24fdae8cbf
2026-05-19 14:29:14,758 - INFO -   ⚠ Error response from daemon: conflict: unable to delete 6c24fdae8cbf (cannot be forced) - image is being used by running container 0f41ad92e849
2026-05-19 14:29:14,759 - INFO - ▶ 执行: echo OK
2026-05-19 14:29:14,806 - INFO -   OK
2026-05-19 14:29:14,807 - INFO - ✅ del_image_6c24fdae8cbf 操作成功!
2026-05-19 14:29:15,307 - INFO - 正在刷新Docker信息...
2026-05-19 14:29:15,583 - INFO - ✅ SSH连接成功 10.10.10.221
2026-05-19 14:29:16,335 - INFO - 首页更新: 10容器 7镜像 5网络
2026-05-19 14:29:16,336 - INFO - ✅ Docker信息加载完成
2026-05-19 14:29:17,421 - INFO - ▶ 执行: docker rmi aad84d22c6e3
2026-05-19 14:29:17,692 - INFO - ✅ SSH连接成功 10.10.10.221
2026-05-19 14:29:17,693 - INFO - ▶ 执行: docker rmi aad84d22c6e3
2026-05-19 14:29:17,793 - INFO -   Untagged: aaaaaa:20260519
2026-05-19 14:29:17,794 - INFO -   Deleted: sha256:aad84d22c6e3b1c342a5c777627422b502948b4a0fe9863396752153903a6311
2026-05-19 14:29:17,796 - INFO - ▶ 执行: echo OK
2026-05-19 14:29:17,847 - INFO -   OK
2026-05-19 14:29:17,848 - INFO - ✅ del_image_aad84d22c6e3 操作成功!
2026-05-19 14:29:18,449 - INFO - 正在刷新Docker信息...
2026-05-19 14:29:18,720 - INFO - ✅ SSH连接成功 10.10.10.221
2026-05-19 14:29:19,034 - INFO - ▶ 执行: docker rmi 6c24fdae8cbf
2026-05-19 14:29:19,308 - INFO - ✅ SSH连接成功 10.10.10.221
2026-05-19 14:29:19,309 - INFO - ▶ 执行: docker rmi 6c24fdae8cbf
2026-05-19 14:29:19,401 - INFO -   ⚠ Error response from daemon: conflict: unable to delete 6c24fdae8cbf (cannot be forced) - image is being used by running container 1a12a9d6d9a6
2026-05-19 14:29:19,402 - INFO - ▶ 执行: echo OK
2026-05-19 14:29:19,476 - INFO -   OK
2026-05-19 14:29:19,477 - INFO - ✅ del_image_6c24fdae8cbf 操作成功!
2026-05-19 14:29:19,646 - INFO - 首页更新: 10容器 6镜像 5网络
2026-05-19 14:29:19,648 - INFO - ✅ Docker信息加载完成
2026-05-19 14:29:20,028 - INFO - 正在刷新Docker信息...
2026-05-19 14:29:20,309 - INFO - ✅ SSH连接成功 10.10.10.221
2026-05-19 14:29:20,707 - INFO - ▶ 执行: docker rmi 99fa7b202c07
2026-05-19 14:29:20,979 - INFO - ✅ SSH连接成功 10.10.10.221
2026-05-19 14:29:20,980 - INFO - ▶ 执行: docker rmi 99fa7b202c07
2026-05-19 14:29:21,077 - INFO -   ⚠ Error response from daemon: conflict: unable to delete 99fa7b202c07 (cannot be forced) - image is being used by running container a4d2d68d5556
2026-05-19 14:29:21,078 - INFO - ▶ 执行: echo OK
2026-05-19 14:29:21,130 - INFO -   OK
2026-05-19 14:29:21,131 - INFO - ✅ del_image_99fa7b202c07 操作成功!
2026-05-19 14:29:21,281 - INFO - 首页更新: 10容器 6镜像 5网络
2026-05-19 14:29:21,281 - INFO - ✅ Docker信息加载完成
2026-05-19 14:29:21,722 - INFO - 正在刷新Docker信息...
2026-05-19 14:29:22,013 - INFO - ✅ SSH连接成功 10.10.10.221
2026-05-19 14:29:22,454 - INFO - ▶ 执行: docker rmi 99fa7b202c07
2026-05-19 14:29:22,734 - INFO - ✅ SSH连接成功 10.10.10.221
2026-05-19 14:29:22,734 - INFO - ▶ 执行: docker rmi 99fa7b202c07
2026-05-19 14:29:22,829 - INFO -   ⚠ Error response from daemon: conflict: unable to delete 99fa7b202c07 (cannot be forced) - image is being used by running container a4d2d68d5556
2026-05-19 14:29:22,832 - INFO - ▶ 执行: echo OK
2026-05-19 14:29:22,882 - INFO -   OK
2026-05-19 14:29:22,883 - INFO - ✅ del_image_99fa7b202c07 操作成功!
2026-05-19 14:29:22,998 - INFO - 首页更新: 10容器 6镜像 5网络
2026-05-19 14:29:22,999 - INFO - ✅ Docker信息加载完成
2026-05-19 14:29:23,378 - INFO - 正在刷新Docker信息...
2026-05-19 14:29:23,663 - INFO - ✅ SSH连接成功 10.10.10.221
2026-05-19 14:29:24,292 - INFO - ▶ 执行: docker rmi 99fa7b202c07
2026-05-19 14:29:24,547 - INFO - 首页更新: 10容器 6镜像 5网络
2026-05-19 14:29:24,549 - INFO - ✅ Docker信息加载完成
2026-05-19 14:29:24,578 - INFO - ✅ SSH连接成功 10.10.10.221
2026-05-19 14:29:24,578 - INFO - ▶ 执行: docker rmi 99fa7b202c07
2026-05-19 14:29:24,673 - INFO -   ⚠ Error response from daemon: conflict: unable to delete 99fa7b202c07 (cannot be forced) - image is being used by running container a4d2d68d5556
2026-05-19 14:29:24,675 - INFO - ▶ 执行: echo OK
2026-05-19 14:29:24,726 - INFO -   OK
2026-05-19 14:29:24,727 - INFO - ✅ del_image_99fa7b202c07 操作成功!
2026-05-19 14:29:25,221 - INFO - 正在刷新Docker信息...
2026-05-19 14:29:25,497 - INFO - ✅ SSH连接成功 10.10.10.221
2026-05-19 14:29:26,241 - INFO - 首页更新: 10容器 6镜像 5网络
2026-05-19 14:29:26,242 - INFO - ✅ Docker信息加载完成
2026-05-19 14:29:31,157 - INFO - ▶ 执行: docker start 412074d4c560
2026-05-19 14:29:31,432 - INFO - ✅ SSH连接成功 10.10.10.221
2026-05-19 14:29:31,433 - INFO - ▶ 执行: docker start 412074d4c560
2026-05-19 14:29:31,528 - INFO -   412074d4c560
2026-05-19 14:29:31,529 - INFO - ▶ 执行: echo OK
2026-05-19 14:29:31,582 - INFO -   OK
2026-05-19 14:29:31,582 - INFO - ✅ start_412074d4c560 操作成功!
2026-05-19 14:29:32,085 - INFO - 正在刷新Docker信息...
2026-05-19 14:29:32,376 - INFO - ✅ SSH连接成功 10.10.10.221
2026-05-19 14:29:33,131 - INFO - 首页更新: 10容器 6镜像 5网络
2026-05-19 14:29:33,132 - INFO - ✅ Docker信息加载完成
2026-05-19 14:29:33,887 - INFO - ▶ 执行: docker stop 412074d4c560 && docker rm 412074d4c560
2026-05-19 14:29:34,167 - INFO - ✅ SSH连接成功 10.10.10.221
2026-05-19 14:29:34,168 - INFO - ▶ 执行: docker stop 412074d4c560 && docker rm 412074d4c560
2026-05-19 14:29:36,292 - INFO - ▶ 执行: docker stop c2784aac4021 && docker rm c2784aac4021
2026-05-19 14:29:36,570 - INFO - ✅ SSH连接成功 10.10.10.221
2026-05-19 14:29:36,570 - INFO - ▶ 执行: docker stop c2784aac4021 && docker rm c2784aac4021
2026-05-19 14:29:38,227 - INFO - ▶ 执行: docker stop 9c4d331e1191 && docker rm 9c4d331e1191
2026-05-19 14:29:38,502 - INFO - ✅ SSH连接成功 10.10.10.221
2026-05-19 14:29:38,503 - INFO - ▶ 执行: docker stop 9c4d331e1191 && docker rm 9c4d331e1191
2026-05-19 14:29:41,445 - INFO - ▶ 查询 /opt/tar/ 中的镜像文件...
2026-05-19 14:29:41,719 - INFO - ✅ SSH连接成功 10.10.10.221
2026-05-19 14:29:41,720 - INFO - ▶ 执行: ls -1 /opt/tar/*.tar /opt/tar/*.tar.gz 2>/dev/null || echo '空'
2026-05-19 14:29:41,794 - INFO -   /opt/tar/103_20260519_114620.tar
2026-05-19 14:29:41,795 - INFO -   /opt/tar/103_20260519_122610.tar
2026-05-19 14:29:41,795 - INFO -   /opt/tar/103_20260519.tar
2026-05-19 14:29:41,796 - INFO -   /opt/tar/104_20260518.tar
2026-05-19 14:29:41,796 - INFO -   /opt/tar/104_20260518 - 副本.tar
2026-05-19 14:29:44,575 - INFO -   412074d4c560
2026-05-19 14:29:44,576 - INFO -   412074d4c560
2026-05-19 14:29:44,576 - INFO - ▶ 执行: echo OK
2026-05-19 14:29:44,630 - INFO -   OK
2026-05-19 14:29:44,631 - INFO - ✅ del_container_412074d4c560 操作成功!
2026-05-19 14:29:45,128 - INFO - 正在刷新Docker信息...
2026-05-19 14:29:45,394 - INFO - ✅ SSH连接成功 10.10.10.221
2026-05-19 14:29:46,185 - INFO - 首页更新: 9容器 6镜像 5网络
2026-05-19 14:29:46,186 - INFO - ✅ Docker信息加载完成
2026-05-19 14:29:46,927 - INFO -   c2784aac4021
2026-05-19 14:29:46,928 - INFO -   c2784aac4021
2026-05-19 14:29:46,928 - INFO - ▶ 执行: echo OK
2026-05-19 14:29:46,981 - INFO -   OK
2026-05-19 14:29:46,981 - INFO - ✅ del_container_c2784aac4021 操作成功!
2026-05-19 14:29:47,533 - INFO - 正在刷新Docker信息...
2026-05-19 14:29:47,830 - INFO - ✅ SSH连接成功 10.10.10.221
2026-05-19 14:29:48,588 - INFO - 首页更新: 8容器 6镜像 5网络
2026-05-19 14:29:48,590 - INFO - ✅ Docker信息加载完成
2026-05-19 14:29:48,890 - INFO -   9c4d331e1191
2026-05-19 14:29:48,891 - INFO -   9c4d331e1191
2026-05-19 14:29:48,891 - INFO - ▶ 执行: echo OK
2026-05-19 14:29:48,944 - INFO -   OK
2026-05-19 14:29:48,945 - INFO - ✅ del_container_9c4d331e1191 操作成功!
2026-05-19 14:29:49,447 - INFO - 正在刷新Docker信息...
2026-05-19 14:29:49,729 - INFO - ✅ SSH连接成功 10.10.10.221
2026-05-19 14:29:50,473 - INFO - 首页更新: 7容器 6镜像 5网络
2026-05-19 14:29:50,475 - INFO - ✅ Docker信息加载完成
2026-05-19 14:29:52,229 - INFO - ▶ 执行: docker stop 0f41ad92e849 && docker rm 0f41ad92e849
2026-05-19 14:29:52,512 - INFO - ✅ SSH连接成功 10.10.10.221
2026-05-19 14:29:52,513 - INFO - ▶ 执行: docker stop 0f41ad92e849 && docker rm 0f41ad92e849
2026-05-19 14:29:54,975 - INFO - ▶ 执行: docker stop adec7985a737 && docker rm adec7985a737
2026-05-19 14:29:55,278 - INFO - ✅ SSH连接成功 10.10.10.221
2026-05-19 14:29:55,279 - INFO - ▶ 执行: docker stop adec7985a737 && docker rm adec7985a737
2026-05-19 14:29:57,000 - INFO - ▶ 执行: docker stop 598a3cb6c54e && docker rm 598a3cb6c54e
2026-05-19 14:29:57,276 - INFO - ✅ SSH连接成功 10.10.10.221
2026-05-19 14:29:57,277 - INFO - ▶ 执行: docker stop 598a3cb6c54e && docker rm 598a3cb6c54e
2026-05-19 14:29:59,333 - INFO - ▶ 执行: docker stop 476338bbef33 && docker rm 476338bbef33
2026-05-19 14:29:59,621 - INFO - ✅ SSH连接成功 10.10.10.221
2026-05-19 14:29:59,622 - INFO - ▶ 执行: docker stop 476338bbef33 && docker rm 476338bbef33
2026-05-19 14:30:02,897 - INFO -   0f41ad92e849
2026-05-19 14:30:02,898 - INFO -   0f41ad92e849
2026-05-19 14:30:02,898 - INFO - ▶ 执行: echo OK
2026-05-19 14:30:02,951 - INFO -   OK
2026-05-19 14:30:02,952 - INFO - ✅ del_container_0f41ad92e849 操作成功!
2026-05-19 14:30:03,452 - INFO - 正在刷新Docker信息...
2026-05-19 14:30:03,728 - INFO - ✅ SSH连接成功 10.10.10.221
2026-05-19 14:30:04,473 - INFO - 首页更新: 6容器 6镜像 5网络
2026-05-19 14:30:04,474 - INFO - ✅ Docker信息加载完成
2026-05-19 14:30:05,700 - INFO -   adec7985a737
2026-05-19 14:30:05,701 - INFO -   adec7985a737
2026-05-19 14:30:05,702 - INFO - ▶ 执行: echo OK
2026-05-19 14:30:05,756 - INFO -   OK
2026-05-19 14:30:05,757 - INFO - ✅ del_container_adec7985a737 操作成功!
2026-05-19 14:30:06,255 - INFO - 正在刷新Docker信息...
2026-05-19 14:30:06,543 - INFO - ✅ SSH连接成功 10.10.10.221
2026-05-19 14:30:07,295 - INFO - 首页更新: 5容器 6镜像 5网络
2026-05-19 14:30:07,296 - INFO - ✅ Docker信息加载完成
2026-05-19 14:30:07,660 - INFO -   598a3cb6c54e
2026-05-19 14:30:07,661 - INFO -   598a3cb6c54e
2026-05-19 14:30:07,661 - INFO - ▶ 执行: echo OK
2026-05-19 14:30:07,714 - INFO -   OK
2026-05-19 14:30:07,715 - INFO - ✅ del_container_598a3cb6c54e 操作成功!
2026-05-19 14:30:08,205 - INFO - 正在刷新Docker信息...
2026-05-19 14:30:08,490 - INFO - ✅ SSH连接成功 10.10.10.221
2026-05-19 14:30:08,932 - INFO - 正在刷新Docker信息...
2026-05-19 14:30:09,213 - INFO - ✅ SSH连接成功 10.10.10.221
2026-05-19 14:30:09,466 - INFO - 首页更新: 4容器 6镜像 5网络
2026-05-19 14:30:09,467 - INFO - ✅ Docker信息加载完成
2026-05-19 14:30:09,970 - INFO - 首页更新: 4容器 6镜像 5网络
2026-05-19 14:30:09,971 - INFO - ✅ Docker信息加载完成
2026-05-19 14:30:10,011 - INFO -   476338bbef33
2026-05-19 14:30:10,013 - INFO -   476338bbef33
2026-05-19 14:30:10,013 - INFO - ▶ 执行: echo OK
2026-05-19 14:30:10,065 - INFO -   OK
2026-05-19 14:30:10,066 - INFO - ✅ del_container_476338bbef33 操作成功!
2026-05-19 14:30:10,569 - INFO - 正在刷新Docker信息...
2026-05-19 14:30:10,836 - INFO - ✅ SSH连接成功 10.10.10.221
2026-05-19 14:30:11,609 - INFO - 首页更新: 3容器 6镜像 5网络
2026-05-19 14:30:11,610 - INFO - ✅ Docker信息加载完成
2026-05-19 14:30:18,853 - INFO - ▶ 执行: docker stop 6c819d44f40e && docker rm 6c819d44f40e
2026-05-19 14:30:19,132 - INFO - ✅ SSH连接成功 10.10.10.221
2026-05-19 14:30:19,133 - INFO - ▶ 执行: docker stop 6c819d44f40e && docker rm 6c819d44f40e
2026-05-19 14:30:25,868 - INFO - ▶ 执行: docker rmi 99fa7b202c07
2026-05-19 14:30:26,148 - INFO - ✅ SSH连接成功 10.10.10.221
2026-05-19 14:30:26,148 - INFO - ▶ 执行: docker rmi 99fa7b202c07
2026-05-19 14:30:26,257 - INFO -   ⚠ Error response from daemon: conflict: unable to delete 99fa7b202c07 (cannot be forced) - image is being used by running container a4d2d68d5556
2026-05-19 14:30:26,257 - INFO - ▶ 执行: echo OK
2026-05-19 14:30:26,309 - INFO -   OK
2026-05-19 14:30:26,310 - INFO - ✅ del_image_99fa7b202c07 操作成功!
2026-05-19 14:30:26,800 - INFO - 正在刷新Docker信息...
2026-05-19 14:30:27,075 - INFO - ✅ SSH连接成功 10.10.10.221
2026-05-19 14:30:27,818 - INFO - 首页更新: 3容器 6镜像 5网络
2026-05-19 14:30:27,819 - INFO - ✅ Docker信息加载完成
2026-05-19 14:30:28,709 - INFO - ▶ 执行: docker rmi 99fa7b202c07
2026-05-19 14:30:28,982 - INFO - ✅ SSH连接成功 10.10.10.221
2026-05-19 14:30:28,983 - INFO - ▶ 执行: docker rmi 99fa7b202c07
2026-05-19 14:30:29,076 - INFO -   ⚠ Error response from daemon: conflict: unable to delete 99fa7b202c07 (cannot be forced) - image is being used by running container a4d2d68d5556
2026-05-19 14:30:29,076 - INFO - ▶ 执行: echo OK
2026-05-19 14:30:29,129 - INFO -   OK
2026-05-19 14:30:29,129 - INFO - ✅ del_image_99fa7b202c07 操作成功!
2026-05-19 14:30:29,457 - INFO -   6c819d44f40e
2026-05-19 14:30:29,458 - INFO -   6c819d44f40e
2026-05-19 14:30:29,458 - INFO - ▶ 执行: echo OK
2026-05-19 14:30:29,511 - INFO -   OK
2026-05-19 14:30:29,512 - INFO - ✅ del_container_6c819d44f40e 操作成功!
2026-05-19 14:30:29,629 - INFO - 正在刷新Docker信息...
2026-05-19 14:30:29,917 - INFO - ✅ SSH连接成功 10.10.10.221
2026-05-19 14:30:30,009 - INFO - 正在刷新Docker信息...
2026-05-19 14:30:30,292 - INFO - ✅ SSH连接成功 10.10.10.221
2026-05-19 14:30:30,592 - INFO - ▶ 执行: docker rmi 166f0a0fa896
2026-05-19 14:30:30,876 - INFO - ✅ SSH连接成功 10.10.10.221
2026-05-19 14:30:30,877 - INFO - ▶ 执行: docker rmi 166f0a0fa896
2026-05-19 14:30:30,969 - INFO -   Untagged: 666:20260518
2026-05-19 14:30:30,970 - INFO -   Deleted: sha256:166f0a0fa89604697eb5b20fa2951d68d779875a90d6d02a3fb61a9f2375285d
2026-05-19 14:30:30,971 - INFO -   Deleted: sha256:a153d5e564265fa9c9901fd3853fffe180006abf27e9c690d9732b94ed6f932e
2026-05-19 14:30:30,971 - INFO - ▶ 执行: echo OK
2026-05-19 14:30:31,019 - INFO - 首页更新: 2容器 6镜像 5网络
2026-05-19 14:30:31,020 - INFO - ✅ Docker信息加载完成
2026-05-19 14:30:31,035 - INFO -   OK
2026-05-19 14:30:31,036 - INFO - ✅ del_image_166f0a0fa896 操作成功!
2026-05-19 14:30:31,214 - INFO - 首页更新: 2容器 6镜像 5网络
2026-05-19 14:30:31,214 - INFO - ✅ Docker信息加载完成
2026-05-19 14:30:31,534 - INFO - 正在刷新Docker信息...
2026-05-19 14:30:31,811 - INFO - ✅ SSH连接成功 10.10.10.221
2026-05-19 14:30:32,563 - INFO - 首页更新: 2容器 5镜像 5网络
2026-05-19 14:30:32,564 - INFO - ✅ Docker信息加载完成
2026-05-19 14:30:32,897 - INFO - ▶ 执行: docker rmi d9668e25018d
2026-05-19 14:30:33,195 - INFO - ✅ SSH连接成功 10.10.10.221
2026-05-19 14:30:33,195 - INFO - ▶ 执行: docker rmi d9668e25018d
2026-05-19 14:30:33,296 - INFO -   Untagged: 555:20260518
2026-05-19 14:30:33,297 - INFO -   Deleted: sha256:d9668e25018d655196f214dc45ffba1d827e445f9f8402b2da86a879a2f701e7
2026-05-19 14:30:33,297 - INFO -   Deleted: sha256:f11269bf3db480f67473e0e4040c9d9728eacf9cb8edf9c297b3f584c657e0ff
2026-05-19 14:30:33,298 - INFO - ▶ 执行: echo OK
2026-05-19 14:30:33,351 - INFO -   OK
2026-05-19 14:30:33,352 - INFO - ✅ del_image_d9668e25018d 操作成功!
2026-05-19 14:30:33,848 - INFO - 正在刷新Docker信息...
2026-05-19 14:30:34,155 - INFO - ✅ SSH连接成功 10.10.10.221
2026-05-19 14:30:34,900 - INFO - 首页更新: 2容器 4镜像 5网络
2026-05-19 14:30:34,901 - INFO - ✅ Docker信息加载完成
2026-05-19 14:30:34,957 - INFO - ▶ 执行: docker rmi 3a5c2c37f555
2026-05-19 14:30:35,234 - INFO - ✅ SSH连接成功 10.10.10.221
2026-05-19 14:30:35,235 - INFO - ▶ 执行: docker rmi 3a5c2c37f555
2026-05-19 14:30:35,342 - INFO -   Untagged: 103:20260518
2026-05-19 14:30:35,343 - INFO -   Deleted: sha256:3a5c2c37f55565991024913edd073a887ab60f5d12358eccfd5a3f6965769672
2026-05-19 14:30:35,343 - INFO -   Deleted: sha256:0a4c9b9d6aaf9363495e028b9f3f4854fd249221d5f4b5ed9b4aac463e992c86
2026-05-19 14:30:35,344 - INFO - ▶ 执行: echo OK
2026-05-19 14:30:35,397 - INFO -   OK
2026-05-19 14:30:35,398 - INFO - ✅ del_image_3a5c2c37f555 操作成功!
2026-05-19 14:30:35,901 - INFO - 正在刷新Docker信息...
2026-05-19 14:30:36,178 - INFO - ✅ SSH连接成功 10.10.10.221
2026-05-19 14:30:36,918 - INFO - 首页更新: 2容器 3镜像 5网络
2026-05-19 14:30:36,919 - INFO - ✅ Docker信息加载完成
2026-05-19 14:30:42,906 - INFO - ▶ 执行: docker rmi 99fa7b202c07
2026-05-19 14:30:43,176 - INFO - ✅ SSH连接成功 10.10.10.221
2026-05-19 14:30:43,176 - INFO - ▶ 执行: docker rmi 99fa7b202c07
2026-05-19 14:30:43,280 - INFO -   ⚠ Error response from daemon: conflict: unable to delete 99fa7b202c07 (cannot be forced) - image is being used by running container a4d2d68d5556
2026-05-19 14:30:43,281 - INFO - ▶ 执行: echo OK
2026-05-19 14:30:43,334 - INFO -   OK
2026-05-19 14:30:43,334 - INFO - ✅ del_image_99fa7b202c07 操作成功!
2026-05-19 14:30:43,839 - INFO - 正在刷新Docker信息...
2026-05-19 14:30:44,125 - INFO - ✅ SSH连接成功 10.10.10.221
2026-05-19 14:30:44,872 - INFO - 首页更新: 2容器 3镜像 5网络
2026-05-19 14:30:44,874 - INFO - ✅ Docker信息加载完成
2026-05-19 14:30:45,578 - INFO - ▶ 执行: docker rmi 6c24fdae8cbf
2026-05-19 14:30:45,879 - INFO - ✅ SSH连接成功 10.10.10.221
2026-05-19 14:30:45,879 - INFO - ▶ 执行: docker rmi 6c24fdae8cbf
2026-05-19 14:30:45,975 - INFO -   ⚠ Error response from daemon: conflict: unable to delete 6c24fdae8cbf (cannot be forced) - image is being used by running container 1a12a9d6d9a6
2026-05-19 14:30:45,975 - INFO - ▶ 执行: echo OK
2026-05-19 14:30:46,027 - INFO -   OK
2026-05-19 14:30:46,028 - INFO - ✅ del_image_6c24fdae8cbf 操作成功!
2026-05-19 14:30:46,521 - INFO - 正在刷新Docker信息...
2026-05-19 14:30:46,795 - INFO - ✅ SSH连接成功 10.10.10.221
2026-05-19 14:30:47,555 - INFO - 首页更新: 2容器 3镜像 5网络
2026-05-19 14:30:47,556 - INFO - ✅ Docker信息加载完成
2026-05-19 14:30:59,306 - INFO - ▶ 执行: docker rmi e7a05026a851
2026-05-19 14:30:59,585 - INFO - ✅ SSH连接成功 10.10.10.221
2026-05-19 14:30:59,586 - INFO - ▶ 执行: docker rmi e7a05026a851
2026-05-19 14:30:59,683 - INFO -   ⚠ Error response from daemon: conflict: unable to delete e7a05026a851 (cannot be forced) - image has dependent child images
2026-05-19 14:30:59,684 - INFO - ▶ 执行: echo OK
2026-05-19 14:30:59,737 - INFO -   OK
2026-05-19 14:30:59,737 - INFO - ✅ del_image_e7a05026a851 操作成功!
2026-05-19 14:31:00,243 - INFO - 正在刷新Docker信息...
2026-05-19 14:31:00,520 - INFO - ✅ SSH连接成功 10.10.10.221
2026-05-19 14:31:01,263 - INFO - 首页更新: 2容器 3镜像 5网络
2026-05-19 14:31:01,264 - INFO - ✅ Docker信息加载完成
2026-05-19 14:31:01,306 - INFO - ▶ 执行: docker stop a4d2d68d5556 && docker rm a4d2d68d5556
2026-05-19 14:31:01,576 - INFO - ✅ SSH连接成功 10.10.10.221
2026-05-19 14:31:01,577 - INFO - ▶ 执行: docker stop a4d2d68d5556 && docker rm a4d2d68d5556
2026-05-19 14:31:05,880 - INFO - ▶ 执行: docker rmi 99fa7b202c07
2026-05-19 14:31:06,155 - INFO - ✅ SSH连接成功 10.10.10.221
2026-05-19 14:31:06,155 - INFO - ▶ 执行: docker rmi 99fa7b202c07
2026-05-19 14:31:06,255 - INFO -   ⚠ Error response from daemon: conflict: unable to delete 99fa7b202c07 (cannot be forced) - image is being used by running container a4d2d68d5556
2026-05-19 14:31:06,256 - INFO - ▶ 执行: echo OK
2026-05-19 14:31:06,310 - INFO -   OK
2026-05-19 14:31:06,311 - INFO - ✅ del_image_99fa7b202c07 操作成功!
2026-05-19 14:31:06,801 - INFO - 正在刷新Docker信息...
2026-05-19 14:31:07,077 - INFO - ✅ SSH连接成功 10.10.10.221
2026-05-19 14:31:07,818 - INFO - 首页更新: 2容器 3镜像 5网络
2026-05-19 14:31:07,819 - INFO - ✅ Docker信息加载完成
2026-05-19 14:31:09,524 - INFO - ▶ 执行: docker rmi 6c24fdae8cbf
2026-05-19 14:31:09,809 - INFO - ✅ SSH连接成功 10.10.10.221
2026-05-19 14:31:09,810 - INFO - ▶ 执行: docker rmi 6c24fdae8cbf
2026-05-19 14:31:09,913 - INFO -   ⚠ Error response from daemon: conflict: unable to delete 6c24fdae8cbf (cannot be forced) - image is being used by running container 1a12a9d6d9a6
2026-05-19 14:31:09,914 - INFO - ▶ 执行: echo OK
2026-05-19 14:31:09,965 - INFO -   OK
2026-05-19 14:31:09,966 - INFO - ✅ del_image_6c24fdae8cbf 操作成功!
2026-05-19 14:31:10,455 - INFO - 正在刷新Docker信息...
2026-05-19 14:31:10,777 - INFO - ✅ SSH连接成功 10.10.10.221
2026-05-19 14:31:11,552 - INFO - 首页更新: 2容器 3镜像 5网络
2026-05-19 14:31:11,553 - INFO - ✅ Docker信息加载完成
2026-05-19 14:31:11,821 - INFO - ▶ 执行: docker stop a4d2d68d5556 && docker rm a4d2d68d5556
2026-05-19 14:31:12,082 - INFO -   a4d2d68d5556
2026-05-19 14:31:12,083 - INFO -   a4d2d68d5556
2026-05-19 14:31:12,084 - INFO - ▶ 执行: echo OK
2026-05-19 14:31:12,113 - INFO - ✅ SSH连接成功 10.10.10.221
2026-05-19 14:31:12,113 - INFO - ▶ 执行: docker stop a4d2d68d5556 && docker rm a4d2d68d5556
2026-05-19 14:31:12,138 - INFO -   OK
2026-05-19 14:31:12,140 - INFO - ✅ del_container_a4d2d68d5556 操作成功!
2026-05-19 14:31:12,209 - INFO -   ⚠ Error response from daemon: No such container: a4d2d68d5556
2026-05-19 14:31:12,209 - INFO - ▶ 执行: echo OK
2026-05-19 14:31:12,263 - INFO -   OK
2026-05-19 14:31:12,263 - INFO - ✅ del_container_a4d2d68d5556 操作成功!
2026-05-19 14:31:12,630 - INFO - 正在刷新Docker信息...
2026-05-19 14:31:12,875 - INFO - 正在刷新Docker信息...
2026-05-19 14:31:13,127 - INFO - ✅ SSH连接成功 10.10.10.221
2026-05-19 14:31:13,155 - INFO - ✅ SSH连接成功 10.10.10.221
2026-05-19 14:31:13,829 - INFO - 首页更新: 1容器 3镜像 5网络
2026-05-19 14:31:13,830 - INFO - ✅ Docker信息加载完成
2026-05-19 14:31:13,908 - INFO - 首页更新: 1容器 3镜像 5网络
2026-05-19 14:31:13,909 - INFO - ✅ Docker信息加载完成
2026-05-19 14:31:17,699 - INFO - ▶ 执行: docker rmi 99fa7b202c07
2026-05-19 14:31:17,968 - INFO - ✅ SSH连接成功 10.10.10.221
2026-05-19 14:31:17,969 - INFO - ▶ 执行: docker rmi 99fa7b202c07
2026-05-19 14:31:18,071 - INFO -   Untagged: 999:20260519
2026-05-19 14:31:18,072 - INFO -   Deleted: sha256:99fa7b202c078c6365d2765a9c6a69a2d1e93dce1df7244473837f7bb7ae26b2
2026-05-19 14:31:18,072 - INFO -   Deleted: sha256:8f2212faf502dfb26069a7eba8a75e61768d8f71c6c61c3cd848f554cfbb4eb0
2026-05-19 14:31:18,072 - INFO - ▶ 执行: echo OK
2026-05-19 14:31:18,124 - INFO -   OK
2026-05-19 14:31:18,125 - INFO - ✅ del_image_99fa7b202c07 操作成功!
2026-05-19 14:31:18,614 - INFO - 正在刷新Docker信息...
2026-05-19 14:31:18,882 - INFO - ✅ SSH连接成功 10.10.10.221
2026-05-19 14:31:19,629 - INFO - 首页更新: 1容器 2镜像 5网络
2026-05-19 14:31:19,631 - INFO - ✅ Docker信息加载完成
2026-05-19 14:31:20,933 - INFO - ▶ 执行: docker rmi 6c24fdae8cbf
2026-05-19 14:31:21,199 - INFO - ✅ SSH连接成功 10.10.10.221
2026-05-19 14:31:21,199 - INFO - ▶ 执行: docker rmi 6c24fdae8cbf
2026-05-19 14:31:21,293 - INFO -   ⚠ Error response from daemon: conflict: unable to delete 6c24fdae8cbf (cannot be forced) - image is being used by running container 1a12a9d6d9a6
2026-05-19 14:31:21,293 - INFO - ▶ 执行: echo OK
2026-05-19 14:31:21,347 - INFO -   OK
2026-05-19 14:31:21,348 - INFO - ✅ del_image_6c24fdae8cbf 操作成功!
2026-05-19 14:31:21,854 - INFO - 正在刷新Docker信息...
2026-05-19 14:31:22,165 - INFO - ✅ SSH连接成功 10.10.10.221
2026-05-19 14:31:22,920 - INFO - 首页更新: 1容器 2镜像 5网络
2026-05-19 14:31:22,921 - INFO - ✅ Docker信息加载完成
2026-05-19 14:31:26,938 - INFO - ▶ 执行: docker rmi e7a05026a851
2026-05-19 14:31:27,205 - INFO - ✅ SSH连接成功 10.10.10.221
2026-05-19 14:31:27,206 - INFO - ▶ 执行: docker rmi e7a05026a851
2026-05-19 14:31:27,308 - INFO -   Untagged: cmrfp03-gz:v1
2026-05-19 14:31:27,309 - INFO -   Deleted: sha256:e7a05026a8518ffbd1de4ca3c1a7cf8c3e452e91da684f1343956ecddae7025e
2026-05-19 14:31:27,311 - INFO - ▶ 执行: echo OK
2026-05-19 14:31:27,361 - INFO -   OK
2026-05-19 14:31:27,362 - INFO - ✅ del_image_e7a05026a851 操作成功!
2026-05-19 14:31:27,870 - INFO - 正在刷新Docker信息...
2026-05-19 14:31:28,146 - INFO - ✅ SSH连接成功 10.10.10.221
2026-05-19 14:31:28,886 - INFO - 首页更新: 1容器 1镜像 5网络
2026-05-19 14:31:28,887 - INFO - ✅ Docker信息加载完成
2026-05-19 14:33:21,119 - INFO - ▶ 执行: docker run -d --name aaaaddd --hostname aaaaddd --restart always --network macvlan_om --ip 10.10.10.220 -v /opt/tar/:/opt/tar/ -v /sys/fs/cgroup:/sys/fs/cgroup:ro 777:20260518
2026-05-19 14:33:21,393 - INFO - ✅ SSH连接成功 10.10.10.221
2026-05-19 14:33:21,394 - INFO - ▶ 执行: docker run -d --name aaaaddd --hostname aaaaddd --restart always --network macvlan_om --ip 10.10.10.220 -v /opt/tar/:/opt/tar/ -v /sys/fs/cgroup:/sys/fs/cgroup:ro 777:20260518
2026-05-19 14:33:21,929 - INFO -   45c49e8e47632d1512027fbb5b0b266aaf0db6b7685ec6eb5634a9515ab61807
2026-05-19 14:33:21,929 - INFO - ▶ 执行: echo OK
2026-05-19 14:33:21,985 - INFO -   OK
2026-05-19 14:33:21,986 - INFO - ✅ create_container 操作成功!
2026-05-19 14:33:22,490 - INFO - 正在刷新Docker信息...
2026-05-19 14:33:22,752 - INFO - ✅ SSH连接成功 10.10.10.221
2026-05-19 14:33:23,504 - INFO - 首页更新: 2容器 1镜像 5网络
2026-05-19 14:33:23,504 - INFO - ✅ Docker信息加载完成
2026-05-19 14:33:27,859 - INFO - 📦 开始批量导出 2 个容器
2026-05-19 14:33:28,119 - INFO - ✅ SSH连接成功 10.10.10.221
2026-05-19 14:33:28,120 - INFO - ▶ 执行: docker stop 45c49e8e4763
2026-05-19 14:33:38,421 - INFO - 45c49e8e4763
2026-05-19 14:33:38,422 - INFO - ▶ 执行: docker commit 45c49e8e4763 aaaaddd:20260519
2026-05-19 14:33:38,581 - INFO - sha256:f69e910f80b94a38d323a502d6a625a153ca3051172146c42d5d648f81adddf8
2026-05-19 14:33:38,581 - INFO - ▶ 执行: docker save -o /opt/tar/aaaaddd_20260519.tar aaaaddd:20260519
2026-05-19 14:33:39,489 - INFO - ▶ 查询 /opt/tar/ 中的镜像文件...
2026-05-19 14:33:39,768 - INFO - ✅ SSH连接成功 10.10.10.221
2026-05-19 14:33:39,769 - INFO - ▶ 执行: ls -1 /opt/tar/*.tar /opt/tar/*.tar.gz 2>/dev/null || echo '空'
2026-05-19 14:33:39,840 - INFO -   空
2026-05-19 14:33:56,536 - INFO - ▶ 开始上传 [1/2]: 104_20260518 - 副本.tar
2026-05-19 14:33:56,809 - INFO - ✅ SSH连接成功 10.10.10.221
2026-05-19 14:34:00,713 - INFO - ▶ 查询 /opt/tar/ 中的镜像文件...
2026-05-19 14:34:01,007 - INFO - ✅ SSH连接成功 10.10.10.221
2026-05-19 14:34:01,008 - INFO - ▶ 执行: ls -1 /opt/tar/*.tar /opt/tar/*.tar.gz 2>/dev/null || echo '空'
2026-05-19 14:34:01,085 - INFO -   /opt/tar/104_20260518 - 副本.tar
2026-05-19 14:34:01,085 - INFO -   空
2026-05-19 14:34:03,951 - INFO - ▶ 开始加载 [1/1]: /opt/tar/104_20260518 - 副本.tar
2026-05-19 14:34:04,237 - INFO - ✅ SSH连接成功 10.10.10.221
2026-05-19 14:34:04,238 - INFO - ▶ 执行: docker load -i /opt/tar/104_20260518 - 副本.tar
2026-05-19 14:34:04,353 - INFO -   ⚠ "docker load" accepts no arguments.
See 'docker load --help'.

Usage:  docker load [OPTIONS]

Load an image from a tar archive or STDIN
2026-05-19 14:34:04,354 - INFO - ▶ 执行: echo '===LOAD_0_DONE==='
2026-05-19 14:34:04,411 - INFO -   ===LOAD_0_DONE===
2026-05-19 14:34:04,412 - INFO - ✅ 加载完成 [1/1]: /opt/tar/104_20260518 - 副本.tar
2026-05-19 14:34:04,413 - INFO - ✅ 全部加载完成
2026-05-19 14:34:11,850 - INFO - ▶ 查询 /opt/tar/ 中的镜像文件...
2026-05-19 14:34:12,139 - INFO - ✅ SSH连接成功 10.10.10.221
2026-05-19 14:34:12,141 - INFO - ▶ 执行: ls -1 /opt/tar/*.tar /opt/tar/*.tar.gz 2>/dev/null || echo '空'
2026-05-19 14:34:12,217 - INFO -   /opt/tar/104_20260518 - 副本.tar
2026-05-19 14:34:12,218 - INFO -   空
2026-05-19 14:34:34,754 - INFO - ✅ 导出完成: aaaaddd [1/2]
2026-05-19 14:34:34,819 - INFO - ✅ 导出完成: aaaaddd [1/2]
2026-05-19 14:34:34,820 - INFO - ▶ 执行: docker stop 1a12a9d6d9a6
2026-05-19 14:34:45,133 - INFO - 1a12a9d6d9a6
2026-05-19 14:34:45,133 - INFO - ▶ 执行: docker commit 1a12a9d6d9a6 bbbbb:20260519
2026-05-19 14:34:45,300 - INFO - sha256:4051a5e5d4baa79f72e5da363bec668610e6d08858132a4ec79722721cee70a1
2026-05-19 14:34:45,301 - INFO - ▶ 执行: docker save -o /opt/tar/bbbbb_20260519.tar bbbbb:20260519
2026-05-19 14:35:20,917 - INFO - ✅ 导出完成: bbbbb [2/2]
2026-05-19 14:35:30,854 - INFO - ✅ 导出完成: bbbbb [2/2]
2026-05-19 14:35:30,855 - INFO - ✅ 全部导出完成
2026-05-19 14:35:30,862 - INFO - 正在刷新Docker信息...
2026-05-19 14:35:31,186 - INFO - ✅ SSH连接成功 10.10.10.221
2026-05-19 14:35:36,496 - INFO - 首页更新: 2容器 3镜像 5网络
2026-05-19 14:35:36,500 - INFO - ✅ Docker信息加载完成
2026-05-19 14:39:56,086 - INFO - ✅ 上传完成: 104_20260518 - 副本.tar
2026-05-19 14:39:56,086 - INFO - ✅ 上传完成 [1/2]: 104_20260518 - 副本.tar
2026-05-19 14:39:56,087 - INFO - ▶ 开始上传 [2/2]: 104_20260518.tar
2026-05-19 14:39:56,403 - INFO - ✅ SSH连接成功 10.10.10.221
2026-05-19 14:45:54,527 - INFO - ✅ 上传完成: 104_20260518.tar
2026-05-19 14:45:54,528 - INFO - ✅ 上传完成 [2/2]: 104_20260518.tar
2026-05-19 14:45:54,528 - INFO - ✅ 全部上传完成
2026-05-19 14:51:11,021 - INFO - ▶ 查询 /opt/tar/ 中的镜像文件...
2026-05-19 14:51:11,308 - INFO - ✅ SSH连接成功 10.10.10.221
2026-05-19 14:51:11,309 - INFO - ▶ 执行: ls -1 /opt/tar/*.tar /opt/tar/*.tar.gz 2>/dev/null || echo '空'
2026-05-19 14:51:11,401 - INFO -   /opt/tar/104_20260518.tar
2026-05-19 14:51:11,402 - INFO -   /opt/tar/104_20260518 - 副本.tar
2026-05-19 14:51:11,405 - INFO -   /opt/tar/aaaaddd_20260519.tar
2026-05-19 14:51:11,405 - INFO -   /opt/tar/bbbbb_20260519.tar
2026-05-19 14:51:11,406 - INFO -   空
2026-05-19 14:51:16,404 - INFO - ▶ 开始加载 [1/3]: /opt/tar/104_20260518.tar
2026-05-19 14:51:16,676 - INFO - ✅ SSH连接成功 10.10.10.221
2026-05-19 14:51:16,677 - INFO - ▶ 执行: docker load -i /opt/tar/104_20260518.tar
2026-05-19 14:51:39,975 - INFO -   Loaded image: 104:20260518
2026-05-19 14:51:39,976 - INFO - ▶ 执行: echo '===LOAD_0_DONE==='
2026-05-19 14:51:41,038 - INFO -   ===LOAD_0_DONE===
2026-05-19 14:51:41,040 - INFO - ✅ 加载完成 [1/3]: /opt/tar/104_20260518.tar
2026-05-19 14:51:41,041 - INFO - ▶ 开始加载 [2/3]: /opt/tar/aaaaddd_20260519.tar
2026-05-19 14:51:41,317 - INFO - ✅ SSH连接成功 10.10.10.221
2026-05-19 14:51:41,318 - INFO - ▶ 执行: docker load -i /opt/tar/aaaaddd_20260519.tar
2026-05-19 14:51:47,699 - INFO - 📦 开始批量导出 1 个容器
2026-05-19 14:51:47,971 - INFO - ✅ SSH连接成功 10.10.10.221
2026-05-19 14:51:47,971 - INFO - ▶ 执行: docker stop 45c49e8e4763
2026-05-19 14:51:48,064 - INFO - 45c49e8e4763
2026-05-19 14:51:48,065 - INFO - ▶ 执行: docker commit 45c49e8e4763 aaaaddd11:2026051911
2026-05-19 14:51:48,597 - INFO - sha256:1e8d02c76121349da4dcec4b95d75059cde7857c14a04483b0016f50ac8b0564
2026-05-19 14:51:48,598 - INFO - ▶ 执行: docker save -o /opt/tar/aaaaddd11_2026051911.tar aaaaddd11:2026051911
2026-05-19 14:52:27,769 - INFO -   Loaded image: aaaaddd:20260519
2026-05-19 14:52:27,770 - INFO - ▶ 执行: echo '===LOAD_1_DONE==='
2026-05-19 14:52:28,296 - INFO -   ===LOAD_1_DONE===
2026-05-19 14:52:28,297 - INFO - ✅ 加载完成 [2/3]: /opt/tar/aaaaddd_20260519.tar
2026-05-19 14:52:28,298 - INFO - ▶ 开始加载 [3/3]: /opt/tar/bbbbb_20260519.tar
2026-05-19 14:52:28,609 - INFO - ✅ SSH连接成功 10.10.10.221
2026-05-19 14:52:28,610 - INFO - ▶ 执行: docker load -i /opt/tar/bbbbb_20260519.tar
2026-05-19 14:52:48,655 - INFO - ❌ 错误:
2026-05-19 14:52:48,656 - INFO - ✅ 全部导出完成
2026-05-19 14:52:48,661 - INFO - 正在刷新Docker信息...
2026-05-19 14:52:48,924 - INFO - ✅ SSH连接成功 10.10.10.221
2026-05-19 14:52:54,207 - INFO - 首页更新: 2容器 5镜像 5网络
2026-05-19 14:52:54,208 - INFO - ✅ Docker信息加载完成
2026-05-19 14:53:15,030 - INFO -   Loaded image: bbbbb:20260519
2026-05-19 14:53:15,030 - INFO - ▶ 执行: echo '===LOAD_2_DONE==='
2026-05-19 14:53:15,086 - INFO -   ===LOAD_2_DONE===
2026-05-19 14:53:15,087 - INFO - ✅ 加载完成 [3/3]: /opt/tar/bbbbb_20260519.tar
2026-05-19 14:53:15,087 - INFO - ✅ 全部加载完成
