2026-05-19 13:37:14,723 - INFO - DockerManager initialized
2026-05-19 13:37:15,187 - INFO - 就绪，请连接SSH服务器
2026-05-19 13:37:26,650 - INFO - 正在连接 root@10.10.10.221:22 ...
2026-05-19 13:37:27,026 - INFO - ✅ SSH连接成功 10.10.10.221
2026-05-19 13:37:27,800 - INFO - 首页更新: 10容器 19镜像 5网络
2026-05-19 13:37:27,802 - INFO - ✅ Docker信息加载完成
2026-05-19 13:37:36,342 - INFO - 已断开连接
2026-05-19 13:37:36,342 - INFO - Disconnected
2026-05-19 13:39:13,862 - INFO - 正在连接 root@10.10.10.221:22 ...
2026-05-19 13:39:14,173 - INFO - ✅ SSH连接成功 10.10.10.221
2026-05-19 13:39:14,906 - INFO - 首页更新: 10容器 19镜像 5网络
2026-05-19 13:39:14,909 - INFO - ✅ Docker信息加载完成
2026-05-19 13:39:23,418 - INFO - ▶ 开始上传 [1/5]: Linux_Change_SSH_Port_sub.py
2026-05-19 13:39:23,769 - INFO - ✅ SSH连接成功 10.10.10.221
2026-05-19 13:39:23,838 - INFO - ✅ 上传完成: Linux_Change_SSH_Port_sub.py
2026-05-19 13:39:23,838 - INFO - ✅ 上传完成 [1/5]: Linux_Change_SSH_Port_sub.py
2026-05-19 13:39:23,838 - INFO - ▶ 开始上传 [2/5]: Linux_Chrony_NTP_sub.py
2026-05-19 13:39:24,174 - INFO - ✅ SSH连接成功 10.10.10.221
2026-05-19 13:39:24,245 - INFO - ✅ 上传完成: Linux_Chrony_NTP_sub.py
2026-05-19 13:39:24,246 - INFO - ✅ 上传完成 [2/5]: Linux_Chrony_NTP_sub.py
2026-05-19 13:39:24,246 - INFO - ▶ 开始上传 [3/5]: Linux_Docker_Tool_sub.py
2026-05-19 13:39:24,587 - INFO - ✅ SSH连接成功 10.10.10.221
2026-05-19 13:39:24,668 - INFO - ✅ 上传完成: Linux_Docker_Tool_sub.py
2026-05-19 13:39:24,668 - INFO - ✅ 上传完成 [3/5]: Linux_Docker_Tool_sub.py
2026-05-19 13:39:24,669 - INFO - ▶ 开始上传 [4/5]: Linux_Get_UserList_sub.py
2026-05-19 13:39:24,966 - INFO - ✅ SSH连接成功 10.10.10.221
2026-05-19 13:39:25,038 - INFO - ✅ 上传完成: Linux_Get_UserList_sub.py
2026-05-19 13:39:25,038 - INFO - ✅ 上传完成 [4/5]: Linux_Get_UserList_sub.py
2026-05-19 13:39:25,039 - INFO - ▶ 开始上传 [5/5]: Linux_Security_Check_sub.py
2026-05-19 13:39:25,352 - INFO - ✅ SSH连接成功 10.10.10.221
2026-05-19 13:39:25,436 - INFO - ✅ 上传完成: Linux_Security_Check_sub.py
2026-05-19 13:39:25,436 - INFO - ✅ 上传完成 [5/5]: Linux_Security_Check_sub.py
2026-05-19 13:39:25,436 - INFO - ✅ 全部上传完成
2026-05-19 13:39:30,227 - INFO - ▶ 查询 /opt/tar/ 中的镜像文件...
2026-05-19 13:39:30,546 - INFO - ✅ SSH连接成功 10.10.10.221
2026-05-19 13:39:30,546 - INFO - ▶ 执行: ls -1 /opt/tar/*.tar /opt/tar/*.tar.gz 2>/dev/null || echo '空'
2026-05-19 13:39:30,607 - INFO -   /opt/tar/103_20260519_114620.tar
2026-05-19 13:39:30,608 - INFO -   /opt/tar/103_20260519_122610.tar
2026-05-19 13:39:30,609 - INFO -   /opt/tar/103_20260519.tar
2026-05-19 13:39:30,610 - INFO -   /opt/tar/104_20260518.tar
2026-05-19 13:39:30,610 - INFO -   /opt/tar/104_20260518 - 副本.tar
2026-05-19 13:39:48,097 - INFO - 📦 开始批量导出 3 个容器
2026-05-19 13:39:48,465 - INFO - ✅ SSH连接成功 10.10.10.221
2026-05-19 13:39:48,466 - INFO - ▶ 执行: docker stop 9c4d331e1191
2026-05-19 13:39:48,556 - INFO - 9c4d331e1191
2026-05-19 13:39:48,557 - INFO - ▶ 执行: docker commit 9c4d331e1191 999:20260519
2026-05-19 13:39:48,970 - INFO - ▶ 查询 /opt/tar/ 中的镜像文件...
2026-05-19 13:39:49,014 - INFO - sha256:61fe3501f150e63f4c20aae3ca768703af4d544ce131d9461220678c133b5e3a
2026-05-19 13:39:49,015 - INFO - ▶ 执行: docker save -o /opt/tar/999_20260519_133948.tar 999:20260519
2026-05-19 13:39:49,321 - INFO - ✅ SSH连接成功 10.10.10.221
2026-05-19 13:39:49,322 - INFO - ▶ 执行: ls -1 /opt/tar/*.tar /opt/tar/*.tar.gz 2>/dev/null || echo '空'
2026-05-19 13:39:49,385 - INFO -   /opt/tar/103_20260519_114620.tar
2026-05-19 13:39:49,385 - INFO -   /opt/tar/103_20260519_122610.tar
2026-05-19 13:39:49,386 - INFO -   /opt/tar/103_20260519.tar
2026-05-19 13:39:49,386 - INFO -   /opt/tar/104_20260518.tar
2026-05-19 13:39:49,386 - INFO -   /opt/tar/104_20260518 - 副本.tar
2026-05-19 13:39:52,906 - INFO - ▶ 开始加载 [1/3]: /opt/tar/777_20260518_183904.tar
2026-05-19 13:39:53,226 - INFO - ✅ SSH连接成功 10.10.10.221
2026-05-19 13:39:53,227 - INFO - ▶ 执行: docker load -i /opt/tar/777_20260518_183904.tar
2026-05-19 13:39:59,380 - INFO - 服务操作: systemctl disable docker
2026-05-19 13:39:59,381 - INFO - ▶ 执行: systemctl disable docker
2026-05-19 13:39:59,684 - INFO - ✅ SSH连接成功 10.10.10.221
2026-05-19 13:39:59,684 - INFO - ▶ 执行: systemctl disable docker
2026-05-19 13:40:08,357 - INFO -   ⚠ Removed /etc/systemd/system/multi-user.target.wants/docker.service.
2026-05-19 13:40:08,358 - INFO - ▶ 执行: echo OK
2026-05-19 13:40:08,412 - INFO -   OK
2026-05-19 13:40:08,413 - INFO - ✅ service_disable 操作成功!
2026-05-19 13:40:08,914 - INFO - 正在刷新Docker信息...
2026-05-19 13:40:09,241 - INFO - ✅ SSH连接成功 10.10.10.221
2026-05-19 13:40:13,814 - INFO - 首页更新: 10容器 19镜像 5网络
2026-05-19 13:40:13,815 - INFO - ✅ Docker信息加载完成
2026-05-19 13:40:20,725 - INFO - 服务操作: systemctl enable docker
2026-05-19 13:40:20,725 - INFO - ▶ 执行: systemctl enable docker
2026-05-19 13:40:22,231 - INFO - ✅ SSH连接成功 10.10.10.221
2026-05-19 13:40:22,232 - INFO - ▶ 执行: systemctl enable docker
2026-05-19 13:40:23,636 - INFO -   ⚠ Created symlink /etc/systemd/system/multi-user.target.wants/docker.service → /usr/lib/systemd/system/docker.service.
2026-05-19 13:40:23,637 - INFO - ▶ 执行: echo OK
2026-05-19 13:40:23,691 - INFO -   OK
2026-05-19 13:40:23,692 - INFO - ✅ service_enable 操作成功!
2026-05-19 13:40:24,193 - INFO - 正在刷新Docker信息...
2026-05-19 13:40:24,502 - INFO - ✅ SSH连接成功 10.10.10.221
2026-05-19 13:40:26,112 - INFO - 首页更新: 10容器 19镜像 5网络
2026-05-19 13:40:26,113 - INFO - ✅ Docker信息加载完成
2026-05-19 13:40:39,400 - INFO -   The image 777:20260518 already exists, renaming the old one with ID sha256:6c24fdae8cbfca7b2a994fdfcdb0d85e4e85735f8622bf4b7a6f49d439e90dcd to empty string
2026-05-19 13:40:39,402 - INFO -   Loaded image: 777:20260518
2026-05-19 13:40:39,402 - INFO - ▶ 执行: echo '===LOAD_0_DONE==='
2026-05-19 13:40:39,462 - INFO -   ===LOAD_0_DONE===
2026-05-19 13:40:39,463 - INFO - ✅ 加载完成 [1/3]: /opt/tar/777_20260518_183904.tar
2026-05-19 13:40:39,464 - INFO - ▶ 开始加载 [2/3]: /opt/tar/777_20260518.tar
2026-05-19 13:40:39,820 - INFO - ✅ SSH连接成功 10.10.10.221
2026-05-19 13:40:39,821 - INFO - ▶ 执行: docker load -i /opt/tar/777_20260518.tar
2026-05-19 13:40:49,296 - INFO - ❌ 错误:
2026-05-19 13:40:49,297 - INFO - ✅ 全部导出完成
2026-05-19 13:40:49,319 - INFO - 正在刷新Docker信息...
2026-05-19 13:40:49,620 - INFO - ✅ SSH连接成功 10.10.10.221
2026-05-19 13:40:50,433 - INFO - 首页更新: 10容器 19镜像 5网络
2026-05-19 13:40:50,434 - INFO - ✅ Docker信息加载完成
2026-05-19 13:40:59,071 - INFO - ▶ 执行: docker run -d --name eee --hostname eee --restart always --network macvlan_om --ip 10.10.10.231 -v /opt/tar/:/opt/tar/ -v /sys/fs/cgroup:/sys/fs/cgroup:ro 999:20260519
2026-05-19 13:40:59,375 - INFO - ✅ SSH连接成功 10.10.10.221
2026-05-19 13:40:59,376 - INFO - ▶ 执行: docker run -d --name eee --hostname eee --restart always --network macvlan_om --ip 10.10.10.231 -v /opt/tar/:/opt/tar/ -v /sys/fs/cgroup:/sys/fs/cgroup:ro 999:20260519
2026-05-19 13:41:06,144 - INFO -   cb7ebdb76dac708d487dae7cc7b8696c732c62bd90c3ffcdffacb8c19149e84c
2026-05-19 13:41:06,144 - INFO - ▶ 执行: echo OK
2026-05-19 13:41:06,200 - INFO -   OK
2026-05-19 13:41:06,201 - INFO - ✅ create_container 操作成功!
2026-05-19 13:41:06,697 - INFO - 正在刷新Docker信息...
2026-05-19 13:41:07,042 - INFO - ✅ SSH连接成功 10.10.10.221
2026-05-19 13:41:10,603 - INFO - 首页更新: 11容器 19镜像 5网络
2026-05-19 13:41:10,605 - INFO - ✅ Docker信息加载完成
2026-05-19 13:41:24,396 - INFO -   The image 777:20260518 already exists, renaming the old one with ID sha256:9e318240ef7733474dda42f088d533848a6517a4a2e66d2225f457775f901042 to empty string
2026-05-19 13:41:24,397 - INFO -   Loaded image: 777:20260518
2026-05-19 13:41:24,398 - INFO - ▶ 执行: echo '===LOAD_1_DONE==='
2026-05-19 13:41:25,779 - INFO -   ===LOAD_1_DONE===
2026-05-19 13:41:25,780 - INFO - ✅ 加载完成 [2/3]: /opt/tar/777_20260518.tar
2026-05-19 13:41:25,781 - INFO - ▶ 开始加载 [3/3]: /opt/tar/999_20260519.tar
2026-05-19 13:41:26,084 - INFO - ✅ SSH连接成功 10.10.10.221
2026-05-19 13:41:26,085 - INFO - ▶ 执行: docker load -i /opt/tar/999_20260519.tar
2026-05-19 13:41:50,733 - INFO - 服务操作: systemctl disable docker
2026-05-19 13:41:50,733 - INFO - ▶ 执行: systemctl disable docker
2026-05-19 13:41:51,053 - INFO - ✅ SSH连接成功 10.10.10.221
2026-05-19 13:41:51,054 - INFO - ▶ 执行: systemctl disable docker
2026-05-19 13:41:51,350 - INFO -   ⚠ Removed /etc/systemd/system/multi-user.target.wants/docker.service.
2026-05-19 13:41:51,351 - INFO - ▶ 执行: echo OK
2026-05-19 13:41:51,405 - INFO -   OK
2026-05-19 13:41:51,406 - INFO - ✅ service_disable 操作成功!
2026-05-19 13:41:51,893 - INFO - 正在刷新Docker信息...
2026-05-19 13:41:52,203 - INFO - ✅ SSH连接成功 10.10.10.221
2026-05-19 13:41:55,030 - INFO - 首页更新: 11容器 20镜像 5网络
2026-05-19 13:41:55,032 - INFO - ✅ Docker信息加载完成
2026-05-19 13:42:00,971 - INFO - 服务操作: systemctl restart docker
2026-05-19 13:42:00,971 - INFO - ▶ 执行: systemctl restart docker
2026-05-19 13:42:01,296 - INFO - ✅ SSH连接成功 10.10.10.221
2026-05-19 13:42:01,296 - INFO - ▶ 执行: systemctl restart docker
2026-05-19 13:42:07,588 - INFO -   The image 999:20260519 already exists, renaming the old one with ID sha256:61fe3501f150e63f4c20aae3ca768703af4d544ce131d9461220678c133b5e3a to empty string
2026-05-19 13:42:07,589 - INFO -   Loaded image: 999:20260519
2026-05-19 13:42:07,591 - INFO - ▶ 执行: echo '===LOAD_2_DONE==='
2026-05-19 13:42:07,644 - INFO -   ===LOAD_2_DONE===
2026-05-19 13:42:07,645 - INFO - ✅ 加载完成 [3/3]: /opt/tar/999_20260519.tar
2026-05-19 13:42:07,646 - INFO - ✅ 全部加载完成
2026-05-19 13:42:18,910 - INFO - ▶ 执行: echo OK
2026-05-19 13:42:18,982 - INFO -   OK
2026-05-19 13:42:18,983 - INFO - ✅ service_restart 操作成功!
2026-05-19 13:42:19,478 - INFO - 正在刷新Docker信息...
2026-05-19 13:42:19,849 - INFO - ✅ SSH连接成功 10.10.10.221
2026-05-19 13:42:21,752 - INFO - 首页更新: 11容器 21镜像 5网络
2026-05-19 13:42:21,753 - INFO - ✅ Docker信息加载完成
