2026-05-18 18:51:12,862 - INFO - DockerManager initialized
2026-05-18 18:51:13,195 - INFO - 就绪，请连接SSH服务器
2026-05-18 18:51:22,295 - INFO - 正在连接 root@10.10.10.221:22 ...
2026-05-18 18:51:22,587 - INFO - ✅ SSH连接成功 10.10.10.221
2026-05-18 18:51:23,468 - INFO - 首页更新: 9容器 25镜像 5网络
2026-05-18 18:51:23,469 - INFO - ✅ Docker信息加载完成
2026-05-18 18:51:27,631 - INFO - ▶ 查询 /opt/tar/ 中的镜像文件...
2026-05-18 18:51:27,918 - INFO - ✅ SSH连接成功 10.10.10.221
2026-05-18 18:51:27,919 - INFO - ▶ 执行: ls -1 /opt/tar/*.tar /opt/tar/*.tar.gz 2>/dev/null || echo '空'
2026-05-18 18:51:27,992 - INFO -   /opt/tar/100_20260518_182110.tar
2026-05-18 18:51:27,994 - INFO -   /opt/tar/100_20260518.tar
2026-05-18 18:51:27,994 - INFO -   /opt/tar/101111_20260518.tar
2026-05-18 18:51:27,994 - INFO -   /opt/tar/101_20260518_174545.tar
2026-05-18 18:51:27,994 - INFO -   /opt/tar/101_20260518_174811.tar
2026-05-18 18:51:35,271 - INFO - ▶ 执行: docker load -i /opt/tar//opt/tar/103_20260518_174545.tar
2026-05-18 18:51:35,272 - INFO - ▶ 加载镜像: /opt/tar//opt/tar/103_20260518_174545.tar
2026-05-18 18:51:35,555 - INFO - ✅ SSH连接成功 10.10.10.221
2026-05-18 18:51:35,555 - INFO - ▶ 执行: docker load -i /opt/tar//opt/tar/103_20260518_174545.tar
2026-05-18 18:51:35,661 - INFO -   ⚠ open /opt/tar//opt/tar/103_20260518_174545.tar: no such file or directory
2026-05-18 18:51:35,662 - INFO - ▶ 执行: echo OK
2026-05-18 18:51:35,711 - INFO -   OK
2026-05-18 18:51:35,712 - INFO - ✅ load_image_/opt/tar/103_2026051 操作成功!
2026-05-18 18:51:36,207 - INFO - 正在刷新Docker信息...
2026-05-18 18:51:36,489 - INFO - ✅ SSH连接成功 10.10.10.221
2026-05-18 18:51:37,246 - INFO - 首页更新: 9容器 25镜像 5网络
2026-05-18 18:51:37,247 - INFO - ✅ Docker信息加载完成
2026-05-18 18:51:54,329 - INFO - ▶ 查询 /opt/tar/ 中的镜像文件...
2026-05-18 18:51:54,611 - INFO - ✅ SSH连接成功 10.10.10.221
2026-05-18 18:51:54,611 - INFO - ▶ 执行: ls -1 /opt/tar/*.tar /opt/tar/*.tar.gz 2>/dev/null || echo '空'
2026-05-18 18:51:54,684 - INFO -   /opt/tar/100_20260518_182110.tar
2026-05-18 18:51:54,684 - INFO -   /opt/tar/100_20260518.tar
2026-05-18 18:51:54,684 - INFO -   /opt/tar/101111_20260518.tar
2026-05-18 18:51:54,685 - INFO -   /opt/tar/101_20260518_174545.tar
2026-05-18 18:51:54,685 - INFO -   /opt/tar/101_20260518_174811.tar
