2026-05-19 10:28:25,228 - INFO - DockerManager initialized
2026-05-19 10:28:25,743 - INFO - 就绪，请连接SSH服务器
2026-05-19 10:28:49,539 - INFO - 正在连接 root@10.10.10.221:22 ...
2026-05-19 10:28:49,820 - INFO - ✅ SSH连接成功 10.10.10.221
2026-05-19 10:28:50,673 - INFO - 首页更新: 6容器 3镜像 5网络
2026-05-19 10:28:50,674 - INFO - ✅ Docker信息加载完成
2026-05-19 10:28:55,044 - INFO - ▶ 查询 /opt/tar/ 中的镜像文件...
2026-05-19 10:28:55,335 - INFO - ✅ SSH连接成功 10.10.10.221
2026-05-19 10:28:55,336 - INFO - ▶ 执行: ls -1 /opt/tar/*.tar /opt/tar/*.tar.gz 2>/dev/null || echo '空'
2026-05-19 10:28:55,456 - INFO -   /opt/tar/100_20260518_182110.tar
2026-05-19 10:28:55,457 - INFO -   /opt/tar/100_20260518.tar
2026-05-19 10:28:55,458 - INFO -   /opt/tar/101111_20260518.tar
2026-05-19 10:28:55,458 - INFO -   /opt/tar/101_20260518_174545.tar
2026-05-19 10:28:55,458 - INFO -   /opt/tar/101_20260518_174811.tar
2026-05-19 10:29:18,448 - INFO - ▶ 开始批量导出: 1 个容器
2026-05-19 10:29:18,738 - INFO - ✅ SSH连接成功 10.10.10.221
2026-05-19 10:29:18,739 - INFO - ▶ 执行: docker stop 9c4d331e1191
2026-05-19 10:29:18,887 - INFO -   9c4d331e1191
2026-05-19 10:29:18,888 - INFO - ▶ 执行: docker commit 9c4d331e1191 999:20260519
2026-05-19 10:29:19,218 - INFO -   sha256:98f507a2c654cf0fe9729ca6ccf8e90b02d6f8bc69bc2307f63ca9e05223653a
2026-05-19 10:29:19,219 - INFO - ▶ 执行: docker save -o /opt/tar/999_20260519_102918.tar 999:20260519
2026-05-19 10:30:22,038 - INFO - ✅ 批量导出完成: 1/1
2026-05-19 10:30:38,146 - INFO - 正在刷新Docker信息...
2026-05-19 10:30:38,430 - INFO - ✅ SSH连接成功 10.10.10.221
2026-05-19 10:30:39,408 - INFO - 首页更新: 6容器 4镜像 5网络
2026-05-19 10:30:39,409 - INFO - ✅ Docker信息加载完成
2026-05-19 10:30:45,767 - INFO - ▶ 查询 /opt/tar/ 中的镜像文件...
2026-05-19 10:30:46,043 - INFO - ✅ SSH连接成功 10.10.10.221
2026-05-19 10:30:46,044 - INFO - ▶ 执行: ls -1 /opt/tar/*.tar /opt/tar/*.tar.gz 2>/dev/null || echo '空'
2026-05-19 10:30:46,175 - INFO -   /opt/tar/100_20260518_182110.tar
2026-05-19 10:30:46,176 - INFO -   /opt/tar/100_20260518.tar
2026-05-19 10:30:46,178 - INFO -   /opt/tar/101111_20260518.tar
2026-05-19 10:30:46,178 - INFO -   /opt/tar/101_20260518_174545.tar
2026-05-19 10:30:46,179 - INFO -   /opt/tar/101_20260518_174811.tar
2026-05-19 10:30:47,721 - INFO - ▶ 执行: docker load -i /opt/tar/103_20260518_173350.tar
2026-05-19 10:30:47,722 - INFO - ▶ 加载镜像: /opt/tar//opt/tar/103_20260518_173350.tar
2026-05-19 10:30:48,029 - INFO - ✅ SSH连接成功 10.10.10.221
2026-05-19 10:30:48,030 - INFO - ▶ 执行: docker load -i /opt/tar/103_20260518_173350.tar
2026-05-19 10:30:59,696 - INFO - ▶ 开始上传: 104_20260518.tar
2026-05-19 10:30:59,963 - INFO - ✅ SSH连接成功 10.10.10.221
2026-05-19 10:31:26,338 - INFO -   The image 103:20260518 already exists, renaming the old one with ID sha256:f3a1b36453b9999b5c9bc545504c568c8ef5149e3a5dbd3013c39d114a0fe866 to empty string
2026-05-19 10:31:26,339 - INFO -   Loaded image: 103:20260518
2026-05-19 10:31:26,339 - INFO - ▶ 执行: echo OK
2026-05-19 10:31:26,402 - INFO -   OK
2026-05-19 10:31:26,402 - INFO - ✅ load_image_103_20260518_173350. 操作成功!
2026-05-19 10:31:26,894 - INFO - 正在刷新Docker信息...
2026-05-19 10:31:27,216 - INFO - ✅ SSH连接成功 10.10.10.221
2026-05-19 10:31:28,149 - INFO - 首页更新: 6容器 5镜像 5网络
2026-05-19 10:31:28,150 - INFO - ✅ Docker信息加载完成
2026-05-19 10:35:16,429 - INFO - ❌ 上传失败: 
2026-05-19 10:35:16,430 - INFO - ❌ 上传失败: 
