2026-05-19 11:02:02,383 - INFO - DockerManager initialized
2026-05-19 11:02:03,143 - INFO - 就绪，请连接SSH服务器
2026-05-19 11:02:11,438 - INFO - 正在连接 root@10.10.10.221:22 ...
2026-05-19 11:02:11,857 - INFO - ✅ SSH连接成功 10.10.10.221
2026-05-19 11:02:12,655 - INFO - 首页更新: 6容器 5镜像 5网络
2026-05-19 11:02:12,656 - INFO - ✅ Docker信息加载完成
2026-05-19 11:02:13,779 - INFO - ▶ 查询 /opt/tar/ 中的镜像文件...
2026-05-19 11:02:14,210 - INFO - ✅ SSH连接成功 10.10.10.221
2026-05-19 11:02:14,211 - INFO - ▶ 执行: ls -1 /opt/tar/*.tar /opt/tar/*.tar.gz 2>/dev/null || echo '空'
2026-05-19 11:02:14,287 - INFO -   /opt/tar/20230522cMRFP03-GZ.tar
2026-05-19 11:02:14,291 - INFO -   /opt/tar/555_20260518.tar
2026-05-19 11:02:14,292 - INFO -   /opt/tar/666_20260518_181958.tar
2026-05-19 11:02:14,292 - INFO -   /opt/tar/666_20260518_182701.tar
2026-05-19 11:02:14,293 - INFO -   /opt/tar/666_20260518_183559.tar
2026-05-19 11:02:17,866 - INFO - ▶ 开始加载 [1/2]: /opt/tar/666_20260518_183559.tar
2026-05-19 11:02:18,273 - INFO - ✅ SSH连接成功 10.10.10.221
2026-05-19 11:02:18,273 - INFO - ▶ 执行: docker load -i /opt/tar//opt/tar/666_20260518_183559.tar
2026-05-19 11:02:18,379 - INFO -   ⚠ open /opt/tar//opt/tar/666_20260518_183559.tar: no such file or directory
2026-05-19 11:02:18,380 - INFO - ▶ 执行: echo '===LOAD_0_DONE==='
2026-05-19 11:02:18,435 - INFO -   ===LOAD_0_DONE===
2026-05-19 11:02:18,435 - INFO - ✅ 加载完成 [1/2]: /opt/tar/666_20260518_183559.tar
2026-05-19 11:02:18,436 - INFO - ▶ 开始加载 [2/2]: /opt/tar/666_20260518.tar
2026-05-19 11:02:19,031 - INFO - ✅ SSH连接成功 10.10.10.221
2026-05-19 11:02:19,032 - INFO - ▶ 执行: docker load -i /opt/tar//opt/tar/666_20260518.tar
2026-05-19 11:02:19,137 - INFO -   ⚠ open /opt/tar//opt/tar/666_20260518.tar: no such file or directory
2026-05-19 11:02:19,138 - INFO - ▶ 执行: echo '===LOAD_1_DONE==='
2026-05-19 11:02:19,192 - INFO -   ===LOAD_1_DONE===
2026-05-19 11:02:19,193 - INFO - ✅ 加载完成 [2/2]: /opt/tar/666_20260518.tar
2026-05-19 11:02:19,194 - INFO - ✅ 全部加载完成
