2026-05-19 11:04:20,383 - INFO - DockerManager initialized
2026-05-19 11:04:20,695 - INFO - 就绪，请连接SSH服务器
2026-05-19 11:04:30,795 - INFO - 正在连接 root@10.10.10.221:22 ...
2026-05-19 11:04:31,079 - INFO - ✅ SSH连接成功 10.10.10.221
2026-05-19 11:04:31,853 - INFO - 首页更新: 6容器 5镜像 5网络
2026-05-19 11:04:31,854 - INFO - ✅ Docker信息加载完成
2026-05-19 11:04:32,356 - INFO - ▶ 查询 /opt/tar/ 中的镜像文件...
2026-05-19 11:04:32,624 - INFO - ✅ SSH连接成功 10.10.10.221
2026-05-19 11:04:32,624 - INFO - ▶ 执行: ls -1 /opt/tar/*.tar /opt/tar/*.tar.gz 2>/dev/null || echo '空'
2026-05-19 11:04:32,693 - INFO -   /opt/tar/20230522cMRFP03-GZ.tar
2026-05-19 11:04:32,697 - INFO -   /opt/tar/555_20260518.tar
2026-05-19 11:04:32,697 - INFO -   /opt/tar/666_20260518_181958.tar
2026-05-19 11:04:32,697 - INFO -   /opt/tar/666_20260518_182701.tar
2026-05-19 11:04:32,698 - INFO -   /opt/tar/666_20260518_183559.tar
2026-05-19 11:04:35,090 - INFO - ▶ 开始加载 [1/2]: /opt/tar/777_20260518.tar
2026-05-19 11:04:35,358 - INFO - ✅ SSH连接成功 10.10.10.221
2026-05-19 11:04:35,359 - INFO - ▶ 执行: docker load -i /opt/tar/777_20260518.tar
2026-05-19 11:04:47,679 - INFO - ▶ 开始上传 [1/2]: Linux_Change_SSH_Port_sub.py
2026-05-19 11:04:47,946 - INFO - ✅ SSH连接成功 10.10.10.221
2026-05-19 11:04:48,022 - INFO - ✅ 上传完成: Linux_Change_SSH_Port_sub.py
2026-05-19 11:04:48,023 - INFO - ✅ 上传完成 [1/2]: Linux_Change_SSH_Port_sub.py
2026-05-19 11:04:48,023 - INFO - ▶ 开始上传 [2/2]: Linux_Chrony_NTP_sub.py
2026-05-19 11:04:48,308 - INFO - ✅ SSH连接成功 10.10.10.221
2026-05-19 11:04:48,391 - INFO - ✅ 上传完成: Linux_Chrony_NTP_sub.py
2026-05-19 11:04:48,392 - INFO - ✅ 上传完成 [2/2]: Linux_Chrony_NTP_sub.py
2026-05-19 11:04:48,392 - INFO - ✅ 全部上传完成
2026-05-19 11:05:10,681 - INFO -   Loaded image: 777:20260518
2026-05-19 11:05:10,682 - INFO - ▶ 执行: echo '===LOAD_0_DONE==='
2026-05-19 11:05:10,736 - INFO -   ===LOAD_0_DONE===
2026-05-19 11:05:10,737 - INFO - ✅ 加载完成 [1/2]: /opt/tar/777_20260518.tar
2026-05-19 11:05:10,737 - INFO - ▶ 开始加载 [2/2]: /opt/tar/voltebench.tar.gz
2026-05-19 11:05:11,029 - INFO - ✅ SSH连接成功 10.10.10.221
2026-05-19 11:05:11,030 - INFO - ▶ 执行: docker load -i /opt/tar/voltebench.tar.gz
2026-05-19 11:05:12,133 - INFO -   ⚠ open /var/lib/docker/tmp/docker-import-237348271/voltebench/json: no such file or directory
2026-05-19 11:05:12,134 - INFO - ▶ 执行: echo '===LOAD_1_DONE==='
2026-05-19 11:05:12,189 - INFO -   ===LOAD_1_DONE===
2026-05-19 11:05:12,189 - INFO - ✅ 加载完成 [2/2]: /opt/tar/voltebench.tar.gz
2026-05-19 11:05:12,190 - INFO - ✅ 全部加载完成
2026-05-19 11:05:32,940 - INFO - 正在刷新Docker信息...
2026-05-19 11:05:33,217 - INFO - ✅ SSH连接成功 10.10.10.221
2026-05-19 11:05:33,966 - INFO - 首页更新: 6容器 6镜像 5网络
2026-05-19 11:05:33,967 - INFO - ✅ Docker信息加载完成
2026-05-19 11:05:38,708 - INFO - ▶ 查询 /opt/tar/ 中的镜像文件...
2026-05-19 11:05:38,990 - INFO - ✅ SSH连接成功 10.10.10.221
2026-05-19 11:05:38,991 - INFO - ▶ 执行: ls -1 /opt/tar/*.tar /opt/tar/*.tar.gz 2>/dev/null || echo '空'
2026-05-19 11:05:39,053 - INFO -   /opt/tar/20230522cMRFP03-GZ.tar
2026-05-19 11:05:39,054 - INFO -   /opt/tar/555_20260518.tar
2026-05-19 11:05:39,054 - INFO -   /opt/tar/666_20260518_181958.tar
2026-05-19 11:05:39,054 - INFO -   /opt/tar/666_20260518_182701.tar
2026-05-19 11:05:39,054 - INFO -   /opt/tar/666_20260518_183559.tar
