2026-05-18 18:53:17,597 - INFO - DockerManager initialized
2026-05-18 18:53:17,970 - INFO - 就绪，请连接SSH服务器
2026-05-18 18:54:21,891 - INFO - 正在连接 root@10.10.10.221:22 ...
2026-05-18 18:54:22,256 - INFO - ✅ SSH连接成功 10.10.10.221
2026-05-18 18:54:23,074 - INFO - 首页更新: 9容器 25镜像 5网络
2026-05-18 18:54:23,075 - INFO - ✅ Docker信息加载完成
2026-05-18 18:54:45,769 - INFO - 正在刷新Docker信息...
2026-05-18 18:54:46,172 - INFO - ✅ SSH连接成功 10.10.10.221
2026-05-18 18:54:46,992 - INFO - 首页更新: 9容器 25镜像 5网络
2026-05-18 18:54:46,993 - INFO - ✅ Docker信息加载完成
2026-05-18 18:54:48,068 - INFO - ▶ 查询 /opt/tar/ 中的镜像文件...
2026-05-18 18:54:48,408 - INFO - ✅ SSH连接成功 10.10.10.221
2026-05-18 18:54:48,409 - INFO - ▶ 执行: ls -1 /opt/tar/*.tar /opt/tar/*.tar.gz 2>/dev/null || echo '空'
2026-05-18 18:54:48,480 - INFO -   /opt/tar/100_20260518_182110.tar
2026-05-18 18:54:48,483 - INFO -   /opt/tar/100_20260518.tar
2026-05-18 18:54:48,483 - INFO -   /opt/tar/101111_20260518.tar
2026-05-18 18:54:48,483 - INFO -   /opt/tar/101_20260518_174545.tar
2026-05-18 18:54:48,483 - INFO -   /opt/tar/101_20260518_174811.tar
2026-05-18 18:54:51,042 - INFO - ▶ 执行: docker load -i /opt/tar/103_20260518.tar
2026-05-18 18:54:51,043 - INFO - ▶ 加载镜像: /opt/tar//opt/tar/103_20260518.tar
2026-05-18 18:54:51,379 - INFO - ✅ SSH连接成功 10.10.10.221
2026-05-18 18:54:51,380 - INFO - ▶ 执行: docker load -i /opt/tar/103_20260518.tar
2026-05-18 18:54:57,997 - INFO - ▶ 执行: docker rmi 5af52c4e9755
2026-05-18 18:54:58,344 - INFO - ✅ SSH连接成功 10.10.10.221
2026-05-18 18:54:58,345 - INFO - ▶ 执行: docker rmi 5af52c4e9755
2026-05-18 18:54:58,644 - INFO -   Untagged: 104:20260518
2026-05-18 18:54:58,645 - INFO -   Deleted: sha256:5af52c4e97550f505e9d2a93de388448be0daf7768533e1614ac1b7cc142e00c
2026-05-18 18:54:58,646 - INFO - ▶ 执行: echo OK
2026-05-18 18:54:58,689 - INFO -   OK
2026-05-18 18:54:58,690 - INFO - ✅ del_image_5af52c4e9755 操作成功!
2026-05-18 18:54:59,339 - INFO - 正在刷新Docker信息...
2026-05-18 18:54:59,696 - INFO - ✅ SSH连接成功 10.10.10.221
2026-05-18 18:55:00,209 - INFO - ▶ 执行: docker rmi 9e318240ef77
2026-05-18 18:55:00,566 - INFO - ✅ SSH连接成功 10.10.10.221
2026-05-18 18:55:00,567 - INFO - ▶ 执行: docker rmi 9e318240ef77
2026-05-18 18:55:00,682 - INFO -   Untagged: 777:20260518
2026-05-18 18:55:00,682 - INFO -   Deleted: sha256:9e318240ef7733474dda42f088d533848a6517a4a2e66d2225f457775f901042
2026-05-18 18:55:00,683 - INFO - ▶ 执行: echo OK
2026-05-18 18:55:00,748 - INFO -   OK
2026-05-18 18:55:00,749 - INFO - ✅ del_image_9e318240ef77 操作成功!
2026-05-18 18:55:00,909 - INFO - 首页更新: 9容器 24镜像 5网络
2026-05-18 18:55:00,910 - INFO - ✅ Docker信息加载完成
2026-05-18 18:55:01,236 - INFO - 正在刷新Docker信息...
2026-05-18 18:55:01,557 - INFO - ✅ SSH连接成功 10.10.10.221
2026-05-18 18:55:02,374 - INFO - 首页更新: 9容器 23镜像 5网络
2026-05-18 18:55:02,375 - INFO - ✅ Docker信息加载完成
2026-05-18 18:55:03,167 - INFO - ▶ 执行: docker rmi 6c24fdae8cbf
2026-05-18 18:55:03,518 - INFO - ✅ SSH连接成功 10.10.10.221
2026-05-18 18:55:03,519 - INFO - ▶ 执行: docker rmi 6c24fdae8cbf
2026-05-18 18:55:03,647 - INFO -   Deleted: sha256:6c24fdae8cbfca7b2a994fdfcdb0d85e4e85735f8622bf4b7a6f49d439e90dcd
2026-05-18 18:55:03,649 - INFO -   Deleted: sha256:af8c0bf2adb7151a0fb53a0de514dc9d350105141d3e062414931db5586d8d75
2026-05-18 18:55:03,649 - INFO - ▶ 执行: echo OK
2026-05-18 18:55:03,705 - INFO -   OK
2026-05-18 18:55:03,706 - INFO - ✅ del_image_6c24fdae8cbf 操作成功!
2026-05-18 18:55:04,214 - INFO - 正在刷新Docker信息...
2026-05-18 18:55:04,527 - INFO - ✅ SSH连接成功 10.10.10.221
2026-05-18 18:55:05,277 - INFO - 首页更新: 9容器 22镜像 5网络
2026-05-18 18:55:05,279 - INFO - ✅ Docker信息加载完成
2026-05-18 18:55:05,977 - INFO - ▶ 执行: docker rmi 400f743e47c6
2026-05-18 18:55:06,306 - INFO - ✅ SSH连接成功 10.10.10.221
2026-05-18 18:55:06,306 - INFO - ▶ 执行: docker rmi 400f743e47c6
2026-05-18 18:55:06,401 - INFO -   Untagged: 666:20260518
2026-05-18 18:55:06,402 - INFO -   Deleted: sha256:400f743e47c6802187dc8ba4573fe546bdcbda2aa8ccb75d9d6d0eee74474a53
2026-05-18 18:55:06,403 - INFO - ▶ 执行: echo OK
2026-05-18 18:55:06,462 - INFO -   OK
2026-05-18 18:55:06,463 - INFO - ✅ del_image_400f743e47c6 操作成功!
2026-05-18 18:55:06,958 - INFO - 正在刷新Docker信息...
2026-05-18 18:55:07,304 - INFO - ✅ SSH连接成功 10.10.10.221
2026-05-18 18:55:08,065 - INFO - ▶ 执行: docker rmi 9512bddcf4e2
2026-05-18 18:55:08,067 - INFO - 首页更新: 9容器 21镜像 5网络
2026-05-18 18:55:08,068 - INFO - ✅ Docker信息加载完成
2026-05-18 18:55:08,461 - INFO - ✅ SSH连接成功 10.10.10.221
2026-05-18 18:55:08,461 - INFO - ▶ 执行: docker rmi 9512bddcf4e2
2026-05-18 18:55:08,617 - INFO -   Untagged: 102:20260518
2026-05-18 18:55:08,618 - INFO -   Deleted: sha256:9512bddcf4e2b07d15f3b7d5af2b5733448427791bbc3f71f2a72f105dcc2d7d
2026-05-18 18:55:08,618 - INFO -   Deleted: sha256:ad5ae004492dbebb45ba620bfa6d8f25f5fec35746f9aac66c605539804472e8
2026-05-18 18:55:08,619 - INFO - ▶ 执行: echo OK
2026-05-18 18:55:08,675 - INFO -   OK
2026-05-18 18:55:08,676 - INFO - ✅ del_image_9512bddcf4e2 操作成功!
2026-05-18 18:55:09,175 - INFO - 正在刷新Docker信息...
2026-05-18 18:55:09,524 - INFO - ✅ SSH连接成功 10.10.10.221
2026-05-18 18:55:10,316 - INFO - 首页更新: 9容器 20镜像 5网络
2026-05-18 18:55:10,317 - INFO - ✅ Docker信息加载完成
2026-05-18 18:55:10,374 - INFO - ▶ 执行: docker rmi a1119fc74f11
2026-05-18 18:55:10,747 - INFO - ✅ SSH连接成功 10.10.10.221
2026-05-18 18:55:10,747 - INFO - ▶ 执行: docker rmi a1119fc74f11
2026-05-18 18:55:10,852 - INFO -   Untagged: 888:20260518
2026-05-18 18:55:10,854 - INFO -   Deleted: sha256:a1119fc74f113f92854e5e925deb414fda56506701820200aedb58c97fcc7b7d
2026-05-18 18:55:10,854 - INFO - ▶ 执行: echo OK
2026-05-18 18:55:10,917 - INFO -   OK
2026-05-18 18:55:10,918 - INFO - ✅ del_image_a1119fc74f11 操作成功!
2026-05-18 18:55:11,413 - INFO - 正在刷新Docker信息...
2026-05-18 18:55:11,793 - INFO - ✅ SSH连接成功 10.10.10.221
2026-05-18 18:55:12,635 - INFO - 首页更新: 9容器 19镜像 5网络
2026-05-18 18:55:12,636 - INFO - ✅ Docker信息加载完成
2026-05-18 18:55:12,833 - INFO - ▶ 执行: docker rmi a1119fc74f11
2026-05-18 18:55:13,174 - INFO - ✅ SSH连接成功 10.10.10.221
2026-05-18 18:55:13,175 - INFO - ▶ 执行: docker rmi a1119fc74f11
2026-05-18 18:55:13,293 - INFO -   ⚠ Error: No such image: a1119fc74f11
2026-05-18 18:55:13,293 - INFO - ▶ 执行: echo OK
2026-05-18 18:55:13,348 - INFO -   OK
2026-05-18 18:55:13,349 - INFO - ✅ del_image_a1119fc74f11 操作成功!
2026-05-18 18:55:13,850 - INFO - 正在刷新Docker信息...
2026-05-18 18:55:14,423 - INFO - ✅ SSH连接成功 10.10.10.221
2026-05-18 18:55:15,180 - INFO - ▶ 执行: docker rmi 4fc884b61351
2026-05-18 18:55:15,501 - INFO - 首页更新: 9容器 19镜像 5网络
2026-05-18 18:55:15,502 - INFO - ✅ Docker信息加载完成
2026-05-18 18:55:15,537 - INFO - ✅ SSH连接成功 10.10.10.221
2026-05-18 18:55:15,537 - INFO - ▶ 执行: docker rmi 4fc884b61351
2026-05-18 18:55:15,640 - INFO -   Deleted: sha256:4fc884b61351c860ab106f9852d4d68f8acfd4380aaac6711cb30fb54fe9b5e2
2026-05-18 18:55:15,640 - INFO - ▶ 执行: echo OK
2026-05-18 18:55:15,697 - INFO -   OK
2026-05-18 18:55:15,698 - INFO - ✅ del_image_4fc884b61351 操作成功!
2026-05-18 18:55:16,192 - INFO - 正在刷新Docker信息...
2026-05-18 18:55:16,520 - INFO - ✅ SSH连接成功 10.10.10.221
2026-05-18 18:55:17,348 - INFO - 首页更新: 9容器 18镜像 5网络
2026-05-18 18:55:17,349 - INFO - ✅ Docker信息加载完成
2026-05-18 18:55:18,018 - INFO - ▶ 执行: docker rmi 166f0a0fa896
2026-05-18 18:55:18,366 - INFO - ✅ SSH连接成功 10.10.10.221
2026-05-18 18:55:18,366 - INFO - ▶ 执行: docker rmi 166f0a0fa896
2026-05-18 18:55:18,467 - INFO -   Deleted: sha256:166f0a0fa89604697eb5b20fa2951d68d779875a90d6d02a3fb61a9f2375285d
2026-05-18 18:55:18,467 - INFO - ▶ 执行: echo OK
2026-05-18 18:55:18,527 - INFO -   OK
2026-05-18 18:55:18,528 - INFO - ✅ del_image_166f0a0fa896 操作成功!
2026-05-18 18:55:19,018 - INFO - 正在刷新Docker信息...
2026-05-18 18:55:19,381 - INFO - ✅ SSH连接成功 10.10.10.221
2026-05-18 18:55:20,088 - INFO - 首页更新: 9容器 17镜像 5网络
2026-05-18 18:55:20,089 - INFO - ✅ Docker信息加载完成
2026-05-18 18:55:20,139 - INFO - ▶ 执行: docker rmi 166f0a0fa896
2026-05-18 18:55:20,488 - INFO - ✅ SSH连接成功 10.10.10.221
2026-05-18 18:55:20,489 - INFO - ▶ 执行: docker rmi 166f0a0fa896
2026-05-18 18:55:20,583 - INFO -   ⚠ Error: No such image: 166f0a0fa896
2026-05-18 18:55:20,584 - INFO - ▶ 执行: echo OK
2026-05-18 18:55:20,647 - INFO -   OK
2026-05-18 18:55:20,653 - INFO - ✅ del_image_166f0a0fa896 操作成功!
2026-05-18 18:55:21,143 - INFO - 正在刷新Docker信息...
2026-05-18 18:55:21,557 - INFO - ✅ SSH连接成功 10.10.10.221
2026-05-18 18:55:22,365 - INFO - 首页更新: 9容器 17镜像 5网络
2026-05-18 18:55:22,366 - INFO - ✅ Docker信息加载完成
2026-05-18 18:55:22,409 - INFO - ▶ 执行: docker rmi 34adc841e3d6
2026-05-18 18:55:22,754 - INFO - ✅ SSH连接成功 10.10.10.221
2026-05-18 18:55:22,754 - INFO - ▶ 执行: docker rmi 34adc841e3d6
2026-05-18 18:55:22,859 - INFO -   Deleted: sha256:34adc841e3d641bf868aafc6385cb78cb614abd7918fbbd8e96e01af77e199e3
2026-05-18 18:55:22,860 - INFO - ▶ 执行: echo OK
2026-05-18 18:55:22,912 - INFO -   OK
2026-05-18 18:55:22,913 - INFO - ✅ del_image_34adc841e3d6 操作成功!
2026-05-18 18:55:23,422 - INFO - 正在刷新Docker信息...
2026-05-18 18:55:23,721 - INFO - ✅ SSH连接成功 10.10.10.221
2026-05-18 18:55:24,461 - INFO - 首页更新: 9容器 16镜像 5网络
2026-05-18 18:55:24,462 - INFO - ✅ Docker信息加载完成
2026-05-18 18:55:25,125 - INFO - ▶ 执行: docker rmi 34adc841e3d6
2026-05-18 18:55:25,476 - INFO - ✅ SSH连接成功 10.10.10.221
2026-05-18 18:55:25,476 - INFO - ▶ 执行: docker rmi 34adc841e3d6
2026-05-18 18:55:25,579 - INFO -   ⚠ Error: No such image: 34adc841e3d6
2026-05-18 18:55:25,579 - INFO - ▶ 执行: echo OK
2026-05-18 18:55:25,637 - INFO -   OK
2026-05-18 18:55:25,638 - INFO - ✅ del_image_34adc841e3d6 操作成功!
2026-05-18 18:55:26,128 - INFO - 正在刷新Docker信息...
2026-05-18 18:55:26,481 - INFO - ✅ SSH连接成功 10.10.10.221
2026-05-18 18:55:27,187 - INFO - ▶ 执行: docker rmi e0092e758f84
2026-05-18 18:55:27,189 - INFO - 首页更新: 9容器 16镜像 5网络
2026-05-18 18:55:27,190 - INFO - ✅ Docker信息加载完成
2026-05-18 18:55:27,531 - INFO - ✅ SSH连接成功 10.10.10.221
2026-05-18 18:55:27,532 - INFO - ▶ 执行: docker rmi e0092e758f84
2026-05-18 18:55:27,650 - INFO -   Deleted: sha256:e0092e758f84ad099b73c5aa7c589b11ac54dcaac565881b4e6d9433a26d33a1
2026-05-18 18:55:27,651 - INFO -   Deleted: sha256:589a4d83f182f4eb2d7d2f71c5cfcac75785bd12febaf974f7d4e163f40072e2
2026-05-18 18:55:27,651 - INFO - ▶ 执行: echo OK
2026-05-18 18:55:27,703 - INFO -   OK
2026-05-18 18:55:27,703 - INFO - ✅ del_image_e0092e758f84 操作成功!
2026-05-18 18:55:28,190 - INFO - 正在刷新Docker信息...
2026-05-18 18:55:28,587 - INFO - ✅ SSH连接成功 10.10.10.221
2026-05-18 18:55:29,350 - INFO - 首页更新: 9容器 15镜像 5网络
2026-05-18 18:55:29,352 - INFO - ✅ Docker信息加载完成
2026-05-18 18:55:29,427 - INFO - ▶ 执行: docker rmi e0092e758f84
2026-05-18 18:55:29,760 - INFO - ✅ SSH连接成功 10.10.10.221
2026-05-18 18:55:29,761 - INFO - ▶ 执行: docker rmi e0092e758f84
2026-05-18 18:55:29,852 - INFO -   ⚠ Error: No such image: e0092e758f84
2026-05-18 18:55:29,853 - INFO - ▶ 执行: echo OK
2026-05-18 18:55:29,907 - INFO -   OK
2026-05-18 18:55:29,908 - INFO - ✅ del_image_e0092e758f84 操作成功!
2026-05-18 18:55:30,413 - INFO - 正在刷新Docker信息...
2026-05-18 18:55:30,725 - INFO - ✅ SSH连接成功 10.10.10.221
2026-05-18 18:55:31,471 - INFO - 首页更新: 9容器 15镜像 5网络
2026-05-18 18:55:31,472 - INFO - ✅ Docker信息加载完成
2026-05-18 18:55:31,523 - INFO - ▶ 执行: docker rmi e6e1e7eb3c9b
2026-05-18 18:55:31,850 - INFO - ✅ SSH连接成功 10.10.10.221
2026-05-18 18:55:31,851 - INFO - ▶ 执行: docker rmi e6e1e7eb3c9b
2026-05-18 18:55:31,971 - INFO -   Untagged: 100:20260518
2026-05-18 18:55:31,972 - INFO -   Deleted: sha256:e6e1e7eb3c9bf2824e981abc8be5968ab65ad14e37dfa5f253a4dbeb14fadb79
2026-05-18 18:55:31,972 - INFO -   Deleted: sha256:a66128f1b738f90a398d0a9db4721110c063f68bb2058091c856b31e96f25ba2
2026-05-18 18:55:31,973 - INFO - ▶ 执行: echo OK
2026-05-18 18:55:32,047 - INFO -   OK
2026-05-18 18:55:32,047 - INFO - ✅ del_image_e6e1e7eb3c9b 操作成功!
2026-05-18 18:55:32,553 - INFO - 正在刷新Docker信息...
2026-05-18 18:55:32,874 - INFO - ✅ SSH连接成功 10.10.10.221
2026-05-18 18:55:33,694 - INFO - 首页更新: 9容器 14镜像 5网络
2026-05-18 18:55:33,696 - INFO - ✅ Docker信息加载完成
2026-05-18 18:55:34,463 - INFO - ▶ 执行: docker rmi f39070a90fb0
2026-05-18 18:55:34,771 - INFO -   The image 103:20260518 already exists, renaming the old one with ID sha256:f3a1b36453b9999b5c9bc545504c568c8ef5149e3a5dbd3013c39d114a0fe866 to empty string
2026-05-18 18:55:34,773 - INFO -   Loaded image: 103:20260518
2026-05-18 18:55:34,774 - INFO - ▶ 执行: echo OK
2026-05-18 18:55:34,804 - INFO - ✅ SSH连接成功 10.10.10.221
2026-05-18 18:55:34,804 - INFO - ▶ 执行: docker rmi f39070a90fb0
2026-05-18 18:55:34,832 - INFO -   OK
2026-05-18 18:55:34,833 - INFO - ✅ load_image_103_20260518.tar 操作成功!
2026-05-18 18:55:34,909 - INFO -   Deleted: sha256:f39070a90fb0cd59bfd5eccc2cf2c2d7b6d1d191e94ec9dd1b91fc735991d89f
2026-05-18 18:55:34,911 - INFO - ▶ 执行: echo OK
2026-05-18 18:55:34,973 - INFO -   OK
2026-05-18 18:55:34,974 - INFO - ✅ del_image_f39070a90fb0 操作成功!
2026-05-18 18:55:35,342 - INFO - 正在刷新Docker信息...
2026-05-18 18:55:35,644 - INFO - 正在刷新Docker信息...
2026-05-18 18:55:35,952 - INFO - ✅ SSH连接成功 10.10.10.221
2026-05-18 18:55:36,028 - INFO - ✅ SSH连接成功 10.10.10.221
2026-05-18 18:55:36,713 - INFO - 首页更新: 9容器 13镜像 5网络
2026-05-18 18:55:36,715 - INFO - ✅ Docker信息加载完成
2026-05-18 18:55:36,818 - INFO - 首页更新: 9容器 13镜像 5网络
2026-05-18 18:55:36,819 - INFO - ✅ Docker信息加载完成
2026-05-18 18:55:37,089 - INFO - ▶ 执行: docker rmi f39070a90fb0
2026-05-18 18:55:37,431 - INFO - ✅ SSH连接成功 10.10.10.221
2026-05-18 18:55:37,431 - INFO - ▶ 执行: docker rmi f39070a90fb0
2026-05-18 18:55:37,535 - INFO -   ⚠ Error: No such image: f39070a90fb0
2026-05-18 18:55:37,537 - INFO - ▶ 执行: echo OK
2026-05-18 18:55:37,593 - INFO -   OK
2026-05-18 18:55:37,594 - INFO - ✅ del_image_f39070a90fb0 操作成功!
2026-05-18 18:55:38,098 - INFO - 正在刷新Docker信息...
2026-05-18 18:55:38,495 - INFO - ✅ SSH连接成功 10.10.10.221
2026-05-18 18:55:39,292 - INFO - 首页更新: 9容器 13镜像 5网络
2026-05-18 18:55:39,294 - INFO - ✅ Docker信息加载完成
2026-05-18 18:55:39,961 - INFO - ▶ 执行: docker rmi 42dc621c1c43
2026-05-18 18:55:40,302 - INFO - ✅ SSH连接成功 10.10.10.221
2026-05-18 18:55:40,303 - INFO - ▶ 执行: docker rmi 42dc621c1c43
2026-05-18 18:55:40,400 - INFO -   Deleted: sha256:42dc621c1c43e8a55707f383334d9d1765480ca7e882ebddeed8c8993f9581a0
2026-05-18 18:55:40,401 - INFO - ▶ 执行: echo OK
2026-05-18 18:55:40,459 - INFO -   OK
2026-05-18 18:55:40,462 - INFO - ✅ del_image_42dc621c1c43 操作成功!
2026-05-18 18:55:40,956 - INFO - 正在刷新Docker信息...
2026-05-18 18:55:41,300 - INFO - ✅ SSH连接成功 10.10.10.221
2026-05-18 18:55:42,125 - INFO - 首页更新: 9容器 12镜像 5网络
2026-05-18 18:55:42,127 - INFO - ✅ Docker信息加载完成
2026-05-18 18:55:45,642 - INFO - ▶ 执行: docker rmi 29570fc61bc5
2026-05-18 18:55:45,999 - INFO - ✅ SSH连接成功 10.10.10.221
2026-05-18 18:55:45,999 - INFO - ▶ 执行: docker rmi 29570fc61bc5
2026-05-18 18:55:46,108 - INFO -   Untagged: 999:20260518
2026-05-18 18:55:46,109 - INFO -   Deleted: sha256:29570fc61bc5dfba90e3884ef41c5de3deb0398f6ae5d794925d9baf645e487d
2026-05-18 18:55:46,110 - INFO -   Deleted: sha256:8f2212faf502dfb26069a7eba8a75e61768d8f71c6c61c3cd848f554cfbb4eb0
2026-05-18 18:55:46,110 - INFO - ▶ 执行: echo OK
2026-05-18 18:55:46,167 - INFO -   OK
2026-05-18 18:55:46,168 - INFO - ✅ del_image_29570fc61bc5 操作成功!
2026-05-18 18:55:46,660 - INFO - 正在刷新Docker信息...
2026-05-18 18:55:47,000 - INFO - ✅ SSH连接成功 10.10.10.221
2026-05-18 18:55:47,812 - INFO - 首页更新: 9容器 11镜像 5网络
2026-05-18 18:55:47,813 - INFO - ✅ Docker信息加载完成
2026-05-18 18:55:48,453 - INFO - ▶ 执行: docker rmi 6dea1c08d78f
2026-05-18 18:55:48,804 - INFO - ✅ SSH连接成功 10.10.10.221
2026-05-18 18:55:48,805 - INFO - ▶ 执行: docker rmi 6dea1c08d78f
2026-05-18 18:55:48,908 - INFO -   Untagged: 101:20260518
2026-05-18 18:55:48,909 - INFO -   Deleted: sha256:6dea1c08d78f36a4934f5f302e2784df547130204653b091e7c72c63434d724b
2026-05-18 18:55:48,909 - INFO - ▶ 执行: echo OK
2026-05-18 18:55:48,966 - INFO - ▶ 查询 /opt/tar/ 中的镜像文件...
2026-05-18 18:55:48,967 - INFO -   OK
2026-05-18 18:55:48,968 - INFO - ✅ del_image_6dea1c08d78f 操作成功!
2026-05-18 18:55:49,357 - INFO - ✅ SSH连接成功 10.10.10.221
2026-05-18 18:55:49,358 - INFO - ▶ 执行: ls -1 /opt/tar/*.tar /opt/tar/*.tar.gz 2>/dev/null || echo '空'
2026-05-18 18:55:49,422 - INFO -   /opt/tar/100_20260518_182110.tar
2026-05-18 18:55:49,422 - INFO -   /opt/tar/100_20260518.tar
2026-05-18 18:55:49,423 - INFO -   /opt/tar/101111_20260518.tar
2026-05-18 18:55:49,423 - INFO -   /opt/tar/101_20260518_174545.tar
2026-05-18 18:55:49,424 - INFO -   /opt/tar/101_20260518_174811.tar
2026-05-18 18:55:49,474 - INFO - 正在刷新Docker信息...
2026-05-18 18:55:49,813 - INFO - ✅ SSH连接成功 10.10.10.221
2026-05-18 18:55:50,619 - INFO - 首页更新: 9容器 10镜像 5网络
2026-05-18 18:55:50,621 - INFO - ✅ Docker信息加载完成
2026-05-18 18:55:55,770 - INFO - ▶ 执行: docker rmi 3a5c2c37f555
2026-05-18 18:55:56,161 - INFO - ✅ SSH连接成功 10.10.10.221
2026-05-18 18:55:56,162 - INFO - ▶ 执行: docker rmi 3a5c2c37f555
2026-05-18 18:55:56,229 - INFO -   Deleted: sha256:3a5c2c37f55565991024913edd073a887ab60f5d12358eccfd5a3f6965769672
2026-05-18 18:55:56,230 - INFO - ▶ 执行: echo OK
2026-05-18 18:55:56,294 - INFO -   OK
2026-05-18 18:55:56,295 - INFO - ✅ del_image_3a5c2c37f555 操作成功!
2026-05-18 18:55:56,849 - INFO - 正在刷新Docker信息...
2026-05-18 18:55:57,200 - INFO - ✅ SSH连接成功 10.10.10.221
2026-05-18 18:55:57,301 - INFO - ▶ 执行: docker rmi d9668e25018d
2026-05-18 18:55:57,683 - INFO - ✅ SSH连接成功 10.10.10.221
2026-05-18 18:55:57,684 - INFO - ▶ 执行: docker rmi d9668e25018d
2026-05-18 18:55:57,761 - INFO -   Untagged: 555:20260518
2026-05-18 18:55:57,762 - INFO -   Deleted: sha256:d9668e25018d655196f214dc45ffba1d827e445f9f8402b2da86a879a2f701e7
2026-05-18 18:55:57,763 - INFO -   Deleted: sha256:f11269bf3db480f67473e0e4040c9d9728eacf9cb8edf9c297b3f584c657e0ff
2026-05-18 18:55:57,763 - INFO - ▶ 执行: echo OK
2026-05-18 18:55:57,821 - INFO -   OK
2026-05-18 18:55:57,822 - INFO - ✅ del_image_d9668e25018d 操作成功!
2026-05-18 18:55:58,309 - INFO - 首页更新: 9容器 8镜像 5网络
2026-05-18 18:55:58,311 - INFO - ✅ Docker信息加载完成
2026-05-18 18:55:58,339 - INFO - 正在刷新Docker信息...
2026-05-18 18:55:58,687 - INFO - ✅ SSH连接成功 10.10.10.221
2026-05-18 18:55:58,868 - INFO - ▶ 执行: docker rmi b61cc47cc7fb
2026-05-18 18:55:59,207 - INFO - ✅ SSH连接成功 10.10.10.221
2026-05-18 18:55:59,208 - INFO - ▶ 执行: docker rmi b61cc47cc7fb
2026-05-18 18:55:59,304 - INFO -   Untagged: 101111:20260518
2026-05-18 18:55:59,305 - INFO -   Deleted: sha256:b61cc47cc7fb3f59221fb7eaed5cacbb6f31fac4e6d3ff1d8359fc79ab5a7863
2026-05-18 18:55:59,305 - INFO - ▶ 执行: echo OK
2026-05-18 18:55:59,363 - INFO -   OK
2026-05-18 18:55:59,365 - INFO - ✅ del_image_b61cc47cc7fb 操作成功!
2026-05-18 18:55:59,793 - INFO - 首页更新: 9容器 7镜像 5网络
2026-05-18 18:55:59,796 - INFO - ✅ Docker信息加载完成
2026-05-18 18:55:59,868 - INFO - 正在刷新Docker信息...
2026-05-18 18:56:00,226 - INFO - ✅ SSH连接成功 10.10.10.221
2026-05-18 18:56:00,284 - INFO - ▶ 执行: docker rmi 4067d78f09d3
2026-05-18 18:56:00,630 - INFO - ✅ SSH连接成功 10.10.10.221
2026-05-18 18:56:00,631 - INFO - ▶ 执行: docker rmi 4067d78f09d3
2026-05-18 18:56:01,583 - INFO -   Deleted: sha256:4067d78f09d3a5df7f7a1d7b5b54efaa9862ca9cfc6ee031fe7be3c4327c7dab
2026-05-18 18:56:01,584 - INFO - ▶ 执行: echo OK
2026-05-18 18:56:01,585 - INFO -   OK
2026-05-18 18:56:01,586 - INFO - ✅ del_image_4067d78f09d3 操作成功!
2026-05-18 18:56:01,588 - INFO - 首页更新: 9容器 6镜像 5网络
2026-05-18 18:56:01,589 - INFO - ✅ Docker信息加载完成
2026-05-18 18:56:02,083 - INFO - 正在刷新Docker信息...
2026-05-18 18:56:02,484 - INFO - ✅ SSH连接成功 10.10.10.221
2026-05-18 18:56:03,159 - INFO - ▶ 查询 /opt/tar/ 中的镜像文件...
2026-05-18 18:56:03,452 - INFO - 首页更新: 9容器 6镜像 5网络
2026-05-18 18:56:03,453 - INFO - ✅ Docker信息加载完成
2026-05-18 18:56:03,486 - INFO - ✅ SSH连接成功 10.10.10.221
2026-05-18 18:56:03,486 - INFO - ▶ 执行: ls -1 /opt/tar/*.tar /opt/tar/*.tar.gz 2>/dev/null || echo '空'
2026-05-18 18:56:03,560 - INFO -   /opt/tar/100_20260518_182110.tar
2026-05-18 18:56:03,561 - INFO -   /opt/tar/100_20260518.tar
2026-05-18 18:56:03,561 - INFO -   /opt/tar/101111_20260518.tar
2026-05-18 18:56:03,561 - INFO -   /opt/tar/101_20260518_174545.tar
2026-05-18 18:56:03,562 - INFO -   /opt/tar/101_20260518_174811.tar
2026-05-18 18:56:08,076 - INFO - ▶ 执行: docker rmi f3a1b36453b9
2026-05-18 18:56:08,427 - INFO - ✅ SSH连接成功 10.10.10.221
2026-05-18 18:56:08,427 - INFO - ▶ 执行: docker rmi f3a1b36453b9
2026-05-18 18:56:08,536 - INFO -   Deleted: sha256:f3a1b36453b9999b5c9bc545504c568c8ef5149e3a5dbd3013c39d114a0fe866
2026-05-18 18:56:08,536 - INFO - ▶ 执行: echo OK
2026-05-18 18:56:08,596 - INFO -   OK
2026-05-18 18:56:08,597 - INFO - ✅ del_image_f3a1b36453b9 操作成功!
2026-05-18 18:56:09,096 - INFO - 正在刷新Docker信息...
2026-05-18 18:56:09,432 - INFO - ✅ SSH连接成功 10.10.10.221
2026-05-18 18:56:10,228 - INFO - 首页更新: 9容器 5镜像 5网络
2026-05-18 18:56:10,229 - INFO - ✅ Docker信息加载完成
2026-05-18 18:56:10,301 - INFO - ▶ 执行: docker rmi e7a05026a851
2026-05-18 18:56:10,663 - INFO - ✅ SSH连接成功 10.10.10.221
2026-05-18 18:56:10,664 - INFO - ▶ 执行: docker rmi e7a05026a851
2026-05-18 18:56:10,765 - INFO -   ⚠ Error response from daemon: conflict: unable to delete e7a05026a851 (cannot be forced) - image has dependent child images
2026-05-18 18:56:10,765 - INFO - ▶ 执行: echo OK
2026-05-18 18:56:10,829 - INFO -   OK
2026-05-18 18:56:10,830 - INFO - ✅ del_image_e7a05026a851 操作成功!
2026-05-18 18:56:11,347 - INFO - 正在刷新Docker信息...
2026-05-18 18:56:11,709 - INFO - ✅ SSH连接成功 10.10.10.221
2026-05-18 18:56:12,016 - INFO - ▶ 执行: docker rmi 2b8616fcf725
2026-05-18 18:56:12,369 - INFO - ✅ SSH连接成功 10.10.10.221
2026-05-18 18:56:12,370 - INFO - ▶ 执行: docker rmi 2b8616fcf725
2026-05-18 18:56:12,480 - INFO -   Deleted: sha256:2b8616fcf7257f3a64c78b86799720fa275f7ca2c42458bdda8594c5f4a9438f
2026-05-18 18:56:12,481 - INFO -   Deleted: sha256:a153d5e564265fa9c9901fd3853fffe180006abf27e9c690d9732b94ed6f932e
2026-05-18 18:56:12,481 - INFO - ▶ 执行: echo OK
2026-05-18 18:56:12,545 - INFO -   OK
2026-05-18 18:56:12,546 - INFO - ✅ del_image_2b8616fcf725 操作成功!
2026-05-18 18:56:12,728 - INFO - 首页更新: 9容器 5镜像 5网络
2026-05-18 18:56:12,729 - INFO - ✅ Docker信息加载完成
2026-05-18 18:56:13,045 - INFO - 正在刷新Docker信息...
2026-05-18 18:56:13,402 - INFO - ✅ SSH连接成功 10.10.10.221
2026-05-18 18:56:14,199 - INFO - 首页更新: 9容器 4镜像 5网络
2026-05-18 18:56:14,200 - INFO - ✅ Docker信息加载完成
2026-05-18 18:56:19,491 - INFO - ▶ 执行: docker rmi e7a05026a851
2026-05-18 18:56:19,833 - INFO - ✅ SSH连接成功 10.10.10.221
2026-05-18 18:56:19,833 - INFO - ▶ 执行: docker rmi e7a05026a851
2026-05-18 18:56:19,948 - INFO -   ⚠ Error response from daemon: conflict: unable to delete e7a05026a851 (cannot be forced) - image has dependent child images
2026-05-18 18:56:19,949 - INFO - ▶ 执行: echo OK
2026-05-18 18:56:20,007 - INFO -   OK
2026-05-18 18:56:20,008 - INFO - ✅ del_image_e7a05026a851 操作成功!
2026-05-18 18:56:20,502 - INFO - 正在刷新Docker信息...
2026-05-18 18:56:20,878 - INFO - ✅ SSH连接成功 10.10.10.221
2026-05-18 18:56:21,704 - INFO - 首页更新: 9容器 4镜像 5网络
2026-05-18 18:56:21,704 - INFO - ✅ Docker信息加载完成
2026-05-18 18:56:22,859 - INFO - ▶ 执行: docker rmi 4d3a2643955b
2026-05-18 18:56:23,225 - INFO - ✅ SSH连接成功 10.10.10.221
2026-05-18 18:56:23,226 - INFO - ▶ 执行: docker rmi 4d3a2643955b
2026-05-18 18:56:23,355 - INFO -   Untagged: 103:20260518
2026-05-18 18:56:23,356 - INFO -   Deleted: sha256:4d3a2643955bd44ab659a659007715c486df6515a1c84eddbc475f3cdb2aae53
2026-05-18 18:56:23,357 - INFO -   Deleted: sha256:0a4c9b9d6aaf9363495e028b9f3f4854fd249221d5f4b5ed9b4aac463e992c86
2026-05-18 18:56:23,357 - INFO - ▶ 执行: echo OK
2026-05-18 18:56:23,421 - INFO -   OK
2026-05-18 18:56:23,422 - INFO - ✅ del_image_4d3a2643955b 操作成功!
2026-05-18 18:56:23,928 - INFO - 正在刷新Docker信息...
2026-05-18 18:56:24,274 - INFO - ✅ SSH连接成功 10.10.10.221
2026-05-18 18:56:25,073 - INFO - 首页更新: 9容器 3镜像 5网络
2026-05-18 18:56:25,075 - INFO - ✅ Docker信息加载完成
2026-05-18 18:56:25,874 - INFO - ▶ 执行: docker rmi 3814b009fa2f
2026-05-18 18:56:26,211 - INFO - ✅ SSH连接成功 10.10.10.221
2026-05-18 18:56:26,212 - INFO - ▶ 执行: docker rmi 3814b009fa2f
2026-05-18 18:56:26,326 - INFO -   Deleted: sha256:3814b009fa2fc61ff95d8a2db4f437636c4ee5938184df6e4839301050900dbf
2026-05-18 18:56:26,327 - INFO -   Deleted: sha256:a0b98ababbac2e8b021a3f976607ff877c855759ea0e714d08f382d51284ae1f
2026-05-18 18:56:26,327 - INFO - ▶ 执行: echo OK
2026-05-18 18:56:26,387 - INFO -   OK
2026-05-18 18:56:26,388 - INFO - ✅ del_image_3814b009fa2f 操作成功!
2026-05-18 18:56:26,889 - INFO - 正在刷新Docker信息...
2026-05-18 18:56:27,286 - INFO - ✅ SSH连接成功 10.10.10.221
2026-05-18 18:56:28,071 - INFO - 首页更新: 9容器 2镜像 5网络
2026-05-18 18:56:28,072 - INFO - ✅ Docker信息加载完成
2026-05-18 18:56:28,103 - INFO - ▶ 执行: docker rmi d63fcfd3896b
2026-05-18 18:56:28,453 - INFO - ✅ SSH连接成功 10.10.10.221
2026-05-18 18:56:28,454 - INFO - ▶ 执行: docker rmi d63fcfd3896b
2026-05-18 18:56:28,551 - INFO -   Deleted: sha256:d63fcfd3896b154b7e0fd77bc8c525b1a4cb6ac2663409c1cfa29e7ef002273d
2026-05-18 18:56:28,552 - INFO -   Deleted: sha256:b26d2233e604b097a439aaa49a60d85d77d97c8a5698e8939e102b99a5ce83a2
2026-05-18 18:56:28,553 - INFO - ▶ 执行: echo OK
2026-05-18 18:56:28,617 - INFO -   OK
2026-05-18 18:56:28,618 - INFO - ✅ del_image_d63fcfd3896b 操作成功!
2026-05-18 18:56:29,122 - INFO - 正在刷新Docker信息...
2026-05-18 18:56:29,445 - INFO - ✅ SSH连接成功 10.10.10.221
2026-05-18 18:56:30,248 - INFO - 首页更新: 9容器 1镜像 5网络
2026-05-18 18:56:30,249 - INFO - ✅ Docker信息加载完成
2026-05-18 18:56:33,142 - INFO - ▶ 执行: docker rmi e7a05026a851
2026-05-18 18:56:33,481 - INFO - ✅ SSH连接成功 10.10.10.221
2026-05-18 18:56:33,482 - INFO - ▶ 执行: docker rmi e7a05026a851
2026-05-18 18:56:33,591 - INFO -   ⚠ Error response from daemon: conflict: unable to delete e7a05026a851 (cannot be forced) - image is being used by running container c2784aac4021
2026-05-18 18:56:33,592 - INFO - ▶ 执行: echo OK
2026-05-18 18:56:33,649 - INFO -   OK
2026-05-18 18:56:33,651 - INFO - ✅ del_image_e7a05026a851 操作成功!
2026-05-18 18:56:34,145 - INFO - 正在刷新Docker信息...
2026-05-18 18:56:34,505 - INFO - ✅ SSH连接成功 10.10.10.221
2026-05-18 18:56:35,310 - INFO - 首页更新: 9容器 1镜像 5网络
2026-05-18 18:56:35,312 - INFO - ✅ Docker信息加载完成
2026-05-18 18:56:36,677 - INFO - ▶ 查询 /opt/tar/ 中的镜像文件...
2026-05-18 18:56:37,025 - INFO - ✅ SSH连接成功 10.10.10.221
2026-05-18 18:56:37,026 - INFO - ▶ 执行: ls -1 /opt/tar/*.tar /opt/tar/*.tar.gz 2>/dev/null || echo '空'
2026-05-18 18:56:37,093 - INFO -   /opt/tar/100_20260518_182110.tar
2026-05-18 18:56:37,094 - INFO -   /opt/tar/100_20260518.tar
2026-05-18 18:56:37,095 - INFO -   /opt/tar/101111_20260518.tar
2026-05-18 18:56:37,096 - INFO -   /opt/tar/101_20260518_174545.tar
2026-05-18 18:56:37,096 - INFO -   /opt/tar/101_20260518_174811.tar
2026-05-18 18:56:42,733 - INFO - 正在刷新Docker信息...
2026-05-18 18:56:43,080 - INFO - ✅ SSH连接成功 10.10.10.221
2026-05-18 18:56:43,894 - INFO - 首页更新: 9容器 1镜像 5网络
2026-05-18 18:56:43,896 - INFO - ✅ Docker信息加载完成
2026-05-18 18:56:46,148 - INFO - ▶ 执行: docker rmi e7a05026a851
2026-05-18 18:56:46,498 - INFO - ✅ SSH连接成功 10.10.10.221
2026-05-18 18:56:46,499 - INFO - ▶ 执行: docker rmi e7a05026a851
2026-05-18 18:56:46,594 - INFO -   ⚠ Error response from daemon: conflict: unable to delete e7a05026a851 (cannot be forced) - image is being used by running container c2784aac4021
2026-05-18 18:56:46,595 - INFO - ▶ 执行: echo OK
2026-05-18 18:56:46,657 - INFO -   OK
2026-05-18 18:56:46,657 - INFO - ✅ del_image_e7a05026a851 操作成功!
2026-05-18 18:56:47,168 - INFO - 正在刷新Docker信息...
2026-05-18 18:56:47,522 - INFO - ✅ SSH连接成功 10.10.10.221
2026-05-18 18:56:48,327 - INFO - 首页更新: 9容器 1镜像 5网络
2026-05-18 18:56:48,328 - INFO - ✅ Docker信息加载完成
2026-05-18 18:57:37,498 - INFO - ▶ 执行: docker stop c2784aac4021
2026-05-18 18:57:37,831 - INFO - ✅ SSH连接成功 10.10.10.221
2026-05-18 18:57:37,831 - INFO - ▶ 执行: docker stop c2784aac4021
2026-05-18 18:57:39,407 - INFO - ▶ 执行: docker stop 412074d4c560
2026-05-18 18:57:39,814 - INFO - ✅ SSH连接成功 10.10.10.221
2026-05-18 18:57:39,814 - INFO - ▶ 执行: docker stop 412074d4c560
2026-05-18 18:57:48,401 - INFO -   c2784aac4021
2026-05-18 18:57:48,402 - INFO - ▶ 执行: echo OK
2026-05-18 18:57:48,460 - INFO -   OK
2026-05-18 18:57:48,461 - INFO - ✅ stop_c2784aac4021 操作成功!
2026-05-18 18:57:48,958 - INFO - 正在刷新Docker信息...
2026-05-18 18:57:49,300 - INFO - ✅ SSH连接成功 10.10.10.221
2026-05-18 18:57:50,155 - INFO -   412074d4c560
2026-05-18 18:57:50,157 - INFO - 首页更新: 9容器 1镜像 5网络
2026-05-18 18:57:50,158 - INFO - ▶ 执行: echo OK
2026-05-18 18:57:50,159 - INFO - ✅ Docker信息加载完成
2026-05-18 18:57:50,208 - INFO -   OK
2026-05-18 18:57:50,209 - INFO - ✅ stop_412074d4c560 操作成功!
2026-05-18 18:57:50,710 - INFO - 正在刷新Docker信息...
2026-05-18 18:57:51,095 - INFO - ✅ SSH连接成功 10.10.10.221
2026-05-18 18:57:51,904 - INFO - 首页更新: 9容器 1镜像 5网络
2026-05-18 18:57:51,904 - INFO - ✅ Docker信息加载完成
2026-05-18 18:57:54,517 - INFO - ▶ 执行: docker rmi e7a05026a851
2026-05-18 18:57:54,917 - INFO - ✅ SSH连接成功 10.10.10.221
2026-05-18 18:57:54,917 - INFO - ▶ 执行: docker rmi e7a05026a851
2026-05-18 18:57:55,020 - INFO -   ⚠ Error response from daemon: conflict: unable to delete e7a05026a851 (must be forced) - image is being used by stopped container 41a69d1dd3af
2026-05-18 18:57:55,021 - INFO - ▶ 执行: echo OK
2026-05-18 18:57:55,078 - INFO -   OK
2026-05-18 18:57:55,078 - INFO - ✅ del_image_e7a05026a851 操作成功!
2026-05-18 18:57:55,578 - INFO - 正在刷新Docker信息...
2026-05-18 18:57:55,934 - INFO - ✅ SSH连接成功 10.10.10.221
2026-05-18 18:57:56,728 - INFO - 首页更新: 9容器 1镜像 5网络
2026-05-18 18:57:56,729 - INFO - ✅ Docker信息加载完成
2026-05-18 18:58:07,230 - INFO - ▶ 执行: docker stop 9e30069163a4 && docker rm 9e30069163a4
2026-05-18 18:58:07,565 - INFO - ✅ SSH连接成功 10.10.10.221
2026-05-18 18:58:07,565 - INFO - ▶ 执行: docker stop 9e30069163a4 && docker rm 9e30069163a4
2026-05-18 18:58:07,714 - INFO -   9e30069163a4
2026-05-18 18:58:07,714 - INFO -   9e30069163a4
2026-05-18 18:58:07,715 - INFO - ▶ 执行: echo OK
2026-05-18 18:58:07,772 - INFO -   OK
2026-05-18 18:58:07,773 - INFO - ✅ del_container_9e30069163a4 操作成功!
2026-05-18 18:58:08,274 - INFO - 正在刷新Docker信息...
2026-05-18 18:58:08,613 - INFO - ✅ SSH连接成功 10.10.10.221
2026-05-18 18:58:09,395 - INFO - 首页更新: 8容器 1镜像 5网络
2026-05-18 18:58:09,396 - INFO - ✅ Docker信息加载完成
2026-05-18 18:58:10,672 - INFO - ▶ 执行: docker rmi e7a05026a851
2026-05-18 18:58:11,020 - INFO - ✅ SSH连接成功 10.10.10.221
2026-05-18 18:58:11,021 - INFO - ▶ 执行: docker rmi e7a05026a851
2026-05-18 18:58:11,131 - INFO -   ⚠ Error response from daemon: conflict: unable to delete e7a05026a851 (must be forced) - image is being used by stopped container e701b951b13b
2026-05-18 18:58:11,131 - INFO - ▶ 执行: echo OK
2026-05-18 18:58:11,189 - INFO -   OK
2026-05-18 18:58:11,190 - INFO - ✅ del_image_e7a05026a851 操作成功!
2026-05-18 18:58:11,700 - INFO - 正在刷新Docker信息...
2026-05-18 18:58:12,066 - INFO - ✅ SSH连接成功 10.10.10.221
2026-05-18 18:58:12,881 - INFO - 首页更新: 8容器 1镜像 5网络
2026-05-18 18:58:12,883 - INFO - ✅ Docker信息加载完成
2026-05-18 18:58:17,735 - INFO - ▶ 执行: docker stop e701b951b13b && docker rm e701b951b13b
2026-05-18 18:58:18,065 - INFO - ✅ SSH连接成功 10.10.10.221
2026-05-18 18:58:18,066 - INFO - ▶ 执行: docker stop e701b951b13b && docker rm e701b951b13b
2026-05-18 18:58:18,223 - INFO -   e701b951b13b
2026-05-18 18:58:18,224 - INFO -   e701b951b13b
2026-05-18 18:58:18,224 - INFO - ▶ 执行: echo OK
2026-05-18 18:58:18,288 - INFO -   OK
2026-05-18 18:58:18,289 - INFO - ✅ del_container_e701b951b13b 操作成功!
2026-05-18 18:58:18,786 - INFO - 正在刷新Docker信息...
2026-05-18 18:58:19,155 - INFO - ✅ SSH连接成功 10.10.10.221
2026-05-18 18:58:19,961 - INFO - 首页更新: 7容器 1镜像 5网络
2026-05-18 18:58:19,962 - INFO - ✅ Docker信息加载完成
2026-05-18 18:58:21,052 - INFO - ▶ 执行: docker rmi e7a05026a851
2026-05-18 18:58:21,410 - INFO - ✅ SSH连接成功 10.10.10.221
2026-05-18 18:58:21,410 - INFO - ▶ 执行: docker rmi e7a05026a851
2026-05-18 18:58:21,515 - INFO -   ⚠ Error response from daemon: conflict: unable to delete e7a05026a851 (must be forced) - image is being used by stopped container 412074d4c560
2026-05-18 18:58:21,516 - INFO - ▶ 执行: echo OK
2026-05-18 18:58:21,575 - INFO -   OK
2026-05-18 18:58:21,576 - INFO - ✅ del_image_e7a05026a851 操作成功!
2026-05-18 18:58:22,072 - INFO - 正在刷新Docker信息...
2026-05-18 18:58:22,487 - INFO - ✅ SSH连接成功 10.10.10.221
2026-05-18 18:58:23,219 - INFO - ▶ 查询 /opt/tar/ 中的镜像文件...
2026-05-18 18:58:23,533 - INFO - 首页更新: 7容器 1镜像 5网络
2026-05-18 18:58:23,534 - INFO - ✅ Docker信息加载完成
2026-05-18 18:58:23,571 - INFO - ✅ SSH连接成功 10.10.10.221
2026-05-18 18:58:23,572 - INFO - ▶ 执行: ls -1 /opt/tar/*.tar /opt/tar/*.tar.gz 2>/dev/null || echo '空'
2026-05-18 18:58:23,636 - INFO -   /opt/tar/100_20260518_182110.tar
2026-05-18 18:58:23,637 - INFO -   /opt/tar/100_20260518.tar
2026-05-18 18:58:23,638 - INFO -   /opt/tar/101111_20260518.tar
2026-05-18 18:58:23,639 - INFO -   /opt/tar/101_20260518_174545.tar
2026-05-18 18:58:23,639 - INFO -   /opt/tar/101_20260518_174811.tar
2026-05-18 18:58:25,296 - INFO - ▶ 执行: docker load -i /opt/tar/103_20260518_184012.tar
2026-05-18 18:58:25,296 - INFO - ▶ 加载镜像: /opt/tar//opt/tar/103_20260518_184012.tar
2026-05-18 18:58:25,710 - INFO - ✅ SSH连接成功 10.10.10.221
2026-05-18 18:58:25,711 - INFO - ▶ 执行: docker load -i /opt/tar/103_20260518_184012.tar
2026-05-18 18:58:51,045 - INFO -   Loaded image: 103:20260518
2026-05-18 18:58:51,046 - INFO - ▶ 执行: echo OK
2026-05-18 18:58:51,102 - INFO -   OK
2026-05-18 18:58:51,103 - INFO - ✅ load_image_103_20260518_184012. 操作成功!
2026-05-18 18:58:51,607 - INFO - 正在刷新Docker信息...
2026-05-18 18:58:53,940 - INFO - ✅ SSH连接成功 10.10.10.221
2026-05-18 18:58:57,456 - INFO - 首页更新: 7容器 2镜像 5网络
2026-05-18 18:58:57,457 - INFO - ✅ Docker信息加载完成
2026-05-18 18:59:10,889 - INFO - ▶ 执行: docker stop 41a69d1dd3af && docker rm 41a69d1dd3af
2026-05-18 18:59:11,247 - INFO - ✅ SSH连接成功 10.10.10.221
2026-05-18 18:59:11,248 - INFO - ▶ 执行: docker stop 41a69d1dd3af && docker rm 41a69d1dd3af
2026-05-18 18:59:11,399 - INFO -   41a69d1dd3af
2026-05-18 18:59:11,399 - INFO -   41a69d1dd3af
2026-05-18 18:59:11,400 - INFO - ▶ 执行: echo OK
2026-05-18 18:59:11,464 - INFO -   OK
2026-05-18 18:59:11,465 - INFO - ✅ del_container_41a69d1dd3af 操作成功!
2026-05-18 18:59:11,957 - INFO - 正在刷新Docker信息...
2026-05-18 18:59:12,289 - INFO - ✅ SSH连接成功 10.10.10.221
2026-05-18 18:59:13,432 - INFO - 首页更新: 6容器 2镜像 5网络
2026-05-18 18:59:13,434 - INFO - ✅ Docker信息加载完成
2026-05-18 18:59:27,284 - INFO - ▶ 执行: docker stop 3f942df3db43 && docker rm 3f942df3db43
2026-05-18 18:59:27,646 - INFO - ✅ SSH连接成功 10.10.10.221
2026-05-18 18:59:27,646 - INFO - ▶ 执行: docker stop 3f942df3db43 && docker rm 3f942df3db43
2026-05-18 18:59:27,808 - INFO -   3f942df3db43
2026-05-18 18:59:27,809 - INFO -   3f942df3db43
2026-05-18 18:59:27,810 - INFO - ▶ 执行: echo OK
2026-05-18 18:59:27,868 - INFO -   OK
2026-05-18 18:59:27,869 - INFO - ✅ del_container_3f942df3db43 操作成功!
2026-05-18 18:59:28,363 - INFO - 正在刷新Docker信息...
2026-05-18 18:59:28,710 - INFO - ✅ SSH连接成功 10.10.10.221
2026-05-18 18:59:29,394 - INFO - ▶ 执行: docker stop 81d5703158bb && docker rm 81d5703158bb
2026-05-18 18:59:29,727 - INFO - 首页更新: 5容器 2镜像 5网络
2026-05-18 18:59:29,728 - INFO - ✅ Docker信息加载完成
2026-05-18 18:59:29,766 - INFO - ✅ SSH连接成功 10.10.10.221
2026-05-18 18:59:29,766 - INFO - ▶ 执行: docker stop 81d5703158bb && docker rm 81d5703158bb
2026-05-18 18:59:29,896 - INFO -   81d5703158bb
2026-05-18 18:59:29,897 - INFO -   81d5703158bb
2026-05-18 18:59:29,897 - INFO - ▶ 执行: echo OK
2026-05-18 18:59:29,957 - INFO -   OK
2026-05-18 18:59:29,959 - INFO - ✅ del_container_81d5703158bb 操作成功!
2026-05-18 18:59:30,456 - INFO - 正在刷新Docker信息...
2026-05-18 18:59:30,862 - INFO - ✅ SSH连接成功 10.10.10.221
2026-05-18 18:59:35,814 - INFO - 首页更新: 4容器 2镜像 5网络
2026-05-18 18:59:35,817 - INFO - ✅ Docker信息加载完成
2026-05-18 19:00:01,193 - INFO - ▶ 批量导入: 2 个容器
2026-05-18 19:00:01,504 - INFO - ✅ SSH连接成功 10.10.10.221
2026-05-18 19:00:01,505 - INFO - ▶ 执行: docker run -tid -e "container=docker" --name 103 --hostname 103 --privileged --restart always --network=macvlan_om --ip=10.10.10.213 --cpus=4 --memory=4g --shm-size 4g -v /opt/tar/:/opt/tar/ -v /sys/fs/cgroup:/sys/fs/cgroup:ro e7a05026a851 /usr/sbin/init
2026-05-18 19:00:02,018 - INFO -   adec7985a737e4ed66282771b3228726fa908c1df60f02228bd72ec77f525b05
2026-05-18 19:00:02,018 - INFO - ▶ 执行: echo '===CONTAINER_0_DONE==='
2026-05-18 19:00:02,073 - INFO -   ===CONTAINER_0_DONE===
2026-05-18 19:00:02,074 - INFO - ▶ 执行: docker run -tid -e "container=docker" --name 104 --hostname 104 --privileged --restart always --network=macvlan_om --ip=10.10.10.214 --cpus=4 --memory=8g --shm-size 8g -v /opt/tar/:/opt/tar/ -v /sys/fs/cgroup:/sys/fs/cgroup:ro e7a05026a851 /usr/sbin/init && docker network connect macvlan_sign 104 --ip 10.10.11.214
2026-05-18 19:00:02,821 - INFO -   476338bbef339d58e3f7d24969ac349139468525de791860eebfcf44e8c25d2c
2026-05-18 19:00:02,822 - INFO - ▶ 执行: echo '===CONTAINER_1_DONE==='
2026-05-18 19:00:02,876 - INFO -   ===CONTAINER_1_DONE===
2026-05-18 19:00:02,876 - INFO - ▶ 执行: echo 'BATCH_IMPORT_DONE'
2026-05-18 19:00:02,953 - INFO -   BATCH_IMPORT_DONE
2026-05-18 19:00:02,954 - INFO - ✅ 批量导入完成: 2/2 个容器
2026-05-18 19:00:03,455 - INFO - 正在刷新Docker信息...
2026-05-18 19:00:03,752 - INFO - ✅ SSH连接成功 10.10.10.221
2026-05-18 19:00:04,516 - INFO - 首页更新: 6容器 2镜像 5网络
2026-05-18 19:00:04,517 - INFO - ✅ Docker信息加载完成
2026-05-18 19:00:16,173 - INFO - ▶ 执行: docker network disconnect macvlan_sign 104
2026-05-18 19:00:16,523 - INFO - ✅ SSH连接成功 10.10.10.221
2026-05-18 19:00:16,524 - INFO - ▶ 执行: docker network disconnect macvlan_sign 104
2026-05-18 19:00:16,651 - INFO - ▶ 执行: echo OK
2026-05-18 19:00:16,705 - INFO -   OK
2026-05-18 19:00:16,706 - INFO - ✅ disconnect_macvlan_sign 操作成功!
2026-05-18 19:00:17,441 - INFO - 正在刷新Docker信息...
2026-05-18 19:00:17,729 - INFO - ✅ SSH连接成功 10.10.10.221
2026-05-18 19:00:18,470 - INFO - 首页更新: 6容器 2镜像 5网络
2026-05-18 19:00:18,471 - INFO - ✅ Docker信息加载完成
2026-05-18 19:00:20,285 - INFO - 正在刷新Docker信息...
2026-05-18 19:00:20,567 - INFO - ✅ SSH连接成功 10.10.10.221
2026-05-18 19:00:21,332 - INFO - 首页更新: 6容器 2镜像 5网络
2026-05-18 19:00:21,333 - INFO - ✅ Docker信息加载完成
2026-05-18 19:00:50,192 - INFO - ▶ 执行: docker network connect macvlan_sign 103 --ip 10.10.11.213
2026-05-18 19:00:50,491 - INFO - ✅ SSH连接成功 10.10.10.221
2026-05-18 19:00:50,491 - INFO - ▶ 执行: docker network connect macvlan_sign 103 --ip 10.10.11.213
2026-05-18 19:00:50,627 - INFO - ▶ 执行: echo OK
2026-05-18 19:00:50,681 - INFO -   OK
2026-05-18 19:00:50,682 - INFO - ✅ add_nic 操作成功!
2026-05-18 19:00:51,181 - INFO - 正在刷新Docker信息...
2026-05-18 19:00:51,463 - INFO - ✅ SSH连接成功 10.10.10.221
2026-05-18 19:00:52,404 - INFO - 首页更新: 6容器 2镜像 5网络
2026-05-18 19:00:52,405 - INFO - ✅ Docker信息加载完成
2026-05-18 19:00:58,868 - INFO - 正在刷新Docker信息...
2026-05-18 19:00:59,152 - INFO - ✅ SSH连接成功 10.10.10.221
2026-05-18 19:01:00,049 - INFO - 首页更新: 6容器 2镜像 5网络
2026-05-18 19:01:00,050 - INFO - ✅ Docker信息加载完成
2026-05-18 19:01:03,085 - INFO - 正在刷新Docker信息...
2026-05-18 19:01:03,385 - INFO - ✅ SSH连接成功 10.10.10.221
2026-05-18 19:01:04,128 - INFO - 首页更新: 6容器 2镜像 5网络
2026-05-18 19:01:04,130 - INFO - ✅ Docker信息加载完成
2026-05-18 19:01:30,435 - INFO - 服务操作: systemctl disable docker
2026-05-18 19:01:30,436 - INFO - ▶ 执行: systemctl disable docker
2026-05-18 19:01:30,734 - INFO - ✅ SSH连接成功 10.10.10.221
2026-05-18 19:01:30,734 - INFO - ▶ 执行: systemctl disable docker
2026-05-18 19:01:31,410 - INFO -   ⚠ Removed /etc/systemd/system/multi-user.target.wants/docker.service.
2026-05-18 19:01:31,411 - INFO - ▶ 执行: echo OK
2026-05-18 19:01:31,464 - INFO -   OK
2026-05-18 19:01:31,465 - INFO - ✅ service_disable 操作成功!
2026-05-18 19:01:31,966 - INFO - 正在刷新Docker信息...
2026-05-18 19:01:32,284 - INFO - ✅ SSH连接成功 10.10.10.221
2026-05-18 19:01:33,068 - INFO - 首页更新: 6容器 2镜像 5网络
2026-05-18 19:01:33,069 - INFO - ✅ Docker信息加载完成
2026-05-18 19:01:38,867 - INFO - 服务操作: systemctl enable docker
2026-05-18 19:01:38,867 - INFO - ▶ 执行: systemctl enable docker
2026-05-18 19:01:39,165 - INFO - ✅ SSH连接成功 10.10.10.221
2026-05-18 19:01:39,166 - INFO - ▶ 执行: systemctl enable docker
2026-05-18 19:01:39,333 - INFO -   ⚠ Created symlink /etc/systemd/system/multi-user.target.wants/docker.service → /usr/lib/systemd/system/docker.service.
2026-05-18 19:01:39,334 - INFO - ▶ 执行: echo OK
2026-05-18 19:01:39,386 - INFO -   OK
2026-05-18 19:01:39,386 - INFO - ✅ service_enable 操作成功!
2026-05-18 19:01:39,887 - INFO - 正在刷新Docker信息...
2026-05-18 19:01:40,198 - INFO - ✅ SSH连接成功 10.10.10.221
2026-05-18 19:01:40,976 - INFO - 首页更新: 6容器 2镜像 5网络
2026-05-18 19:01:40,977 - INFO - ✅ Docker信息加载完成
2026-05-18 19:02:05,805 - INFO - 正在刷新Docker信息...
2026-05-18 19:02:06,101 - INFO - ✅ SSH连接成功 10.10.10.221
2026-05-18 19:02:07,158 - INFO - 首页更新: 6容器 2镜像 5网络
2026-05-18 19:02:07,159 - INFO - ✅ Docker信息加载完成
2026-05-18 19:02:09,601 - INFO - 正在刷新Docker信息...
2026-05-18 19:02:09,881 - INFO - ✅ SSH连接成功 10.10.10.221
2026-05-18 19:02:10,617 - INFO - 首页更新: 6容器 2镜像 5网络
2026-05-18 19:02:10,618 - INFO - ✅ Docker信息加载完成
