2026-05-19 11:40:07,400 - INFO - DockerManager initialized
2026-05-19 11:40:08,212 - INFO - 就绪，请连接SSH服务器
2026-05-19 11:40:17,617 - INFO - 正在连接 root@10.10.10.221:22 ...
2026-05-19 11:40:17,945 - INFO - ✅ SSH连接成功 10.10.10.221
2026-05-19 11:40:18,694 - INFO - 首页更新: 6容器 7镜像 5网络
2026-05-19 11:40:18,695 - INFO - ✅ Docker信息加载完成
2026-05-19 11:40:22,756 - INFO - 📦 开始批量导出 1 个容器
2026-05-19 11:40:23,061 - INFO - ✅ SSH连接成功 10.10.10.221
2026-05-19 11:40:23,063 - INFO - ▶ 执行: docker stop adec7985a737
2026-05-19 11:40:33,412 - INFO - adec7985a737
2026-05-19 11:40:33,413 - INFO - ▶ 执行: docker commit adec7985a737 103:20260519
2026-05-19 11:40:33,689 - INFO - sha256:fda07cf3720fdd8947340802d27298f626391003c0d2f92e5227d1faf6730246
2026-05-19 11:40:33,690 - INFO - ▶ 执行: docker save -o /opt/tar/103_20260519.tar 103:20260519
2026-05-19 11:40:38,293 - INFO - ▶ 开始上传 [1/4]: Linux_Change_SSH_Port_sub.py
2026-05-19 11:40:38,602 - INFO - ✅ SSH连接成功 10.10.10.221
2026-05-19 11:40:38,701 - INFO - ✅ 上传完成: Linux_Change_SSH_Port_sub.py
2026-05-19 11:40:38,702 - INFO - ✅ 上传完成 [1/4]: Linux_Change_SSH_Port_sub.py
2026-05-19 11:40:38,703 - INFO - ▶ 开始上传 [2/4]: Linux_Chrony_NTP_sub.py
2026-05-19 11:40:39,291 - INFO - ✅ SSH连接成功 10.10.10.221
2026-05-19 11:40:39,372 - INFO - ✅ 上传完成: Linux_Chrony_NTP_sub.py
2026-05-19 11:40:39,373 - INFO - ✅ 上传完成 [2/4]: Linux_Chrony_NTP_sub.py
2026-05-19 11:40:39,374 - INFO - ▶ 开始上传 [3/4]: Linux_Docker_Tool_sub.py
2026-05-19 11:40:39,997 - INFO - ✅ SSH连接成功 10.10.10.221
2026-05-19 11:40:40,077 - INFO - ✅ 上传完成: Linux_Docker_Tool_sub.py
2026-05-19 11:40:40,078 - INFO - ✅ 上传完成 [3/4]: Linux_Docker_Tool_sub.py
2026-05-19 11:40:40,079 - INFO - ▶ 开始上传 [4/4]: Linux_Get_UserList_sub.py
2026-05-19 11:40:40,647 - INFO - ✅ SSH连接成功 10.10.10.221
2026-05-19 11:40:40,758 - INFO - ✅ 上传完成: Linux_Get_UserList_sub.py
2026-05-19 11:40:40,759 - INFO - ✅ 上传完成 [4/4]: Linux_Get_UserList_sub.py
2026-05-19 11:40:40,760 - INFO - ✅ 全部上传完成
2026-05-19 11:40:41,715 - INFO - ▶ 查询 /opt/tar/ 中的镜像文件...
2026-05-19 11:40:42,251 - INFO - ✅ SSH连接成功 10.10.10.221
2026-05-19 11:40:42,252 - INFO - ▶ 执行: ls -1 /opt/tar/*.tar /opt/tar/*.tar.gz 2>/dev/null || echo '空'
2026-05-19 11:40:42,323 - INFO -   /opt/tar/104_20260519.tar
2026-05-19 11:40:42,324 - INFO -   /opt/tar/20230522cMRFP03-GZ.tar
2026-05-19 11:40:42,325 - INFO -   /opt/tar/555_20260518.tar
2026-05-19 11:40:42,326 - INFO -   /opt/tar/666_20260518_181958.tar
2026-05-19 11:40:42,327 - INFO -   /opt/tar/666_20260518_182701.tar
2026-05-19 11:40:45,763 - INFO - ▶ 开始加载 [1/2]: /opt/tar/777_20260518.tar
2026-05-19 11:40:46,068 - INFO - ✅ SSH连接成功 10.10.10.221
2026-05-19 11:40:46,069 - INFO - ▶ 执行: docker load -i /opt/tar/777_20260518.tar
2026-05-19 11:41:29,451 - INFO -   Loaded image: 777:20260518
2026-05-19 11:41:29,452 - INFO - ▶ 执行: echo '===LOAD_0_DONE==='
2026-05-19 11:41:29,552 - INFO -   ===LOAD_0_DONE===
2026-05-19 11:41:29,553 - INFO - ✅ 加载完成 [1/2]: /opt/tar/777_20260518.tar
2026-05-19 11:41:29,553 - INFO - ▶ 开始加载 [2/2]: /opt/tar/voltebench.tar.gz
2026-05-19 11:41:29,915 - INFO - ✅ SSH连接成功 10.10.10.221
2026-05-19 11:41:29,916 - INFO - ▶ 执行: docker load -i /opt/tar/voltebench.tar.gz
2026-05-19 11:41:30,939 - INFO -   ⚠ open /var/lib/docker/tmp/docker-import-708258147/voltebench/json: no such file or directory
2026-05-19 11:41:30,941 - INFO - ▶ 执行: echo '===LOAD_1_DONE==='
2026-05-19 11:41:30,996 - INFO -   ===LOAD_1_DONE===
2026-05-19 11:41:30,997 - INFO - ✅ 加载完成 [2/2]: /opt/tar/voltebench.tar.gz
2026-05-19 11:41:30,998 - INFO - ✅ 全部加载完成
2026-05-19 11:41:33,741 - INFO - ❌ 错误:
2026-05-19 11:41:33,741 - INFO - ✅ 全部导出完成
2026-05-19 11:41:33,742 - INFO - 正在刷新Docker信息...
2026-05-19 11:41:34,029 - INFO - ✅ SSH连接成功 10.10.10.221
2026-05-19 11:41:35,689 - INFO - 首页更新: 6容器 8镜像 5网络
2026-05-19 11:41:35,691 - INFO - ✅ Docker信息加载完成
