2026-05-18 18:19:38,699 - INFO - DockerManager initialized
2026-05-18 18:19:39,225 - INFO - 就绪，请连接SSH服务器
2026-05-18 18:19:48,727 - INFO - 正在连接 root@10.10.10.221:22 ...
2026-05-18 18:19:49,014 - INFO - ✅ SSH连接成功 10.10.10.221
2026-05-18 18:19:49,898 - INFO - 首页更新: 10容器 15镜像 5网络
2026-05-18 18:19:49,899 - INFO - ✅ Docker信息加载完成
2026-05-18 18:19:58,312 - INFO - ▶ 开始批量导出: 1 个容器
2026-05-18 18:19:58,616 - INFO - ✅ SSH连接成功 10.10.10.221
2026-05-18 18:19:58,617 - INFO - ▶ 执行: docker stop 9e30069163a4
2026-05-18 18:19:58,714 - INFO -   9e30069163a4
2026-05-18 18:19:58,716 - INFO - ▶ 执行: docker commit 9e30069163a4 666:20260518
2026-05-18 18:19:59,224 - INFO -   sha256:166f0a0fa89604697eb5b20fa2951d68d779875a90d6d02a3fb61a9f2375285d
2026-05-18 18:19:59,225 - INFO - ▶ 执行: docker save -o /opt/tar/666_20260518_181958.tar 666:20260518
2026-05-18 18:20:47,600 - INFO - ✅ 批量导出完成: 1/1
2026-05-18 18:21:03,270 - INFO - 正在刷新Docker信息...
2026-05-18 18:21:04,064 - INFO - ✅ SSH连接成功 10.10.10.221
2026-05-18 18:21:05,670 - INFO - 首页更新: 10容器 16镜像 5网络
2026-05-18 18:21:05,671 - INFO - ✅ Docker信息加载完成
2026-05-18 18:21:10,263 - INFO - ▶ 开始批量导出: 3 个容器
2026-05-18 18:21:10,561 - INFO - ✅ SSH连接成功 10.10.10.221
2026-05-18 18:21:10,561 - INFO - ▶ 执行: docker stop 598a3cb6c54e
2026-05-18 18:21:10,655 - INFO -   598a3cb6c54e
2026-05-18 18:21:10,656 - INFO - ▶ 执行: docker commit 598a3cb6c54e 100:20260518
2026-05-18 18:21:11,095 - INFO -   sha256:e6e1e7eb3c9bf2824e981abc8be5968ab65ad14e37dfa5f253a4dbeb14fadb79
2026-05-18 18:21:11,096 - INFO - ▶ 执行: docker save -o /opt/tar/100_20260518_182110.tar 100:20260518
2026-05-18 18:21:16,348 - INFO - 正在刷新Docker信息...
2026-05-18 18:21:16,640 - INFO - ✅ SSH连接成功 10.10.10.221
2026-05-18 18:21:18,334 - INFO - 首页更新: 10容器 17镜像 5网络
2026-05-18 18:21:18,335 - INFO - ✅ Docker信息加载完成
2026-05-18 18:21:31,755 - INFO - 正在刷新Docker信息...
2026-05-18 18:21:32,045 - INFO - ✅ SSH连接成功 10.10.10.221
2026-05-18 18:21:34,201 - INFO - 首页更新: 10容器 17镜像 5网络
2026-05-18 18:21:34,202 - INFO - ✅ Docker信息加载完成
2026-05-18 18:21:44,204 - INFO - 正在刷新Docker信息...
2026-05-18 18:21:44,485 - INFO - ✅ SSH连接成功 10.10.10.221
2026-05-18 18:21:48,241 - INFO - 首页更新: 10容器 17镜像 5网络
2026-05-18 18:21:48,242 - INFO - ✅ Docker信息加载完成
2026-05-18 18:21:54,517 - INFO - ▶ 执行: docker stop 9c4d331e1191
2026-05-18 18:21:57,243 - INFO -   9c4d331e1191
2026-05-18 18:21:57,244 - INFO - ▶ 执行: docker commit 9c4d331e1191 999:20260518
2026-05-18 18:22:08,136 - INFO -   sha256:29570fc61bc5dfba90e3884ef41c5de3deb0398f6ae5d794925d9baf645e487d
2026-05-18 18:22:08,137 - INFO - ▶ 执行: docker save -o /opt/tar/999_20260518_182110.tar 999:20260518
2026-05-18 18:22:51,442 - INFO - ▶ 执行: docker stop 412074d4c560
2026-05-18 18:22:53,993 - INFO -   412074d4c560
2026-05-18 18:22:53,994 - INFO - ▶ 执行: docker commit 412074d4c560 888:20260518
2026-05-18 18:23:08,706 - INFO -   sha256:a1119fc74f113f92854e5e925deb414fda56506701820200aedb58c97fcc7b7d
2026-05-18 18:23:08,707 - INFO - ▶ 执行: docker save -o /opt/tar/888_20260518_182110.tar 888:20260518
2026-05-18 18:23:52,966 - INFO - ✅ 批量导出完成: 3/3
2026-05-18 18:25:02,957 - INFO - ▶ 执行: docker rmi 46e2bd042961
2026-05-18 18:25:03,312 - INFO - ✅ SSH连接成功 10.10.10.221
2026-05-18 18:25:03,314 - INFO - ▶ 执行: docker rmi 46e2bd042961
2026-05-18 18:25:03,688 - INFO -   Deleted: sha256:46e2bd0429617c1fbd976f21370490f2ba318b7af178665f1ba98dbe5acce47c
2026-05-18 18:25:03,689 - INFO - ▶ 执行: echo OK
2026-05-18 18:25:03,742 - INFO -   OK
2026-05-18 18:25:03,744 - INFO - ✅ del_image_46e2bd042961 操作成功!
2026-05-18 18:25:04,248 - INFO - 正在刷新Docker信息...
2026-05-18 18:25:04,534 - INFO - ✅ SSH连接成功 10.10.10.221
2026-05-18 18:25:05,466 - INFO - 首页更新: 10容器 18镜像 5网络
2026-05-18 18:25:05,468 - INFO - ✅ Docker信息加载完成
