2026-05-18 18:38:49,199 - INFO - DockerManager initialized
2026-05-18 18:38:49,833 - INFO - 就绪，请连接SSH服务器
2026-05-18 18:38:58,777 - INFO - 正在连接 root@10.10.10.221:22 ...
2026-05-18 18:38:59,071 - INFO - ✅ SSH连接成功 10.10.10.221
2026-05-18 18:38:59,920 - INFO - 首页更新: 10容器 22镜像 5网络
2026-05-18 18:38:59,921 - INFO - ✅ Docker信息加载完成
2026-05-18 18:39:04,504 - INFO - ▶ 开始批量导出: 1 个容器
2026-05-18 18:39:04,789 - INFO - ✅ SSH连接成功 10.10.10.221
2026-05-18 18:39:04,790 - INFO - ▶ 执行: docker stop c2784aac4021
2026-05-18 18:39:04,890 - INFO -   c2784aac4021
2026-05-18 18:39:04,893 - INFO - ▶ 执行: docker commit c2784aac4021 777:20260518
2026-05-18 18:39:05,388 - INFO -   sha256:9e318240ef7733474dda42f088d533848a6517a4a2e66d2225f457775f901042
2026-05-18 18:39:05,390 - INFO - ▶ 执行: docker save -o /opt/tar/777_20260518_183904.tar 777:20260518
2026-05-18 18:39:53,053 - INFO - ✅ 批量导出完成: 1/1
2026-05-18 18:40:00,095 - INFO - 正在刷新Docker信息...
2026-05-18 18:40:00,627 - INFO - ✅ SSH连接成功 10.10.10.221
2026-05-18 18:40:04,503 - INFO - 首页更新: 10容器 23镜像 5网络
2026-05-18 18:40:04,504 - INFO - ✅ Docker信息加载完成
2026-05-18 18:40:12,716 - INFO - ▶ 开始批量导出: 2 个容器
2026-05-18 18:40:13,000 - INFO - ✅ SSH连接成功 10.10.10.221
2026-05-18 18:40:13,000 - INFO - ▶ 执行: docker stop 81d5703158bb
2026-05-18 18:40:13,094 - INFO -   81d5703158bb
2026-05-18 18:40:13,096 - INFO - ▶ 执行: docker commit 81d5703158bb 104:20260518
2026-05-18 18:40:13,560 - INFO -   sha256:5af52c4e97550f505e9d2a93de388448be0daf7768533e1614ac1b7cc142e00c
2026-05-18 18:40:13,561 - INFO - ▶ 执行: docker save -o /opt/tar/104_20260518_184012.tar 104:20260518
2026-05-18 18:41:01,630 - INFO - 正在刷新Docker信息...
2026-05-18 18:41:07,519 - INFO - ▶ 执行: docker start 412074d4c560
2026-05-18 18:41:07,966 - INFO - ▶ 执行: docker stop 3f942df3db43
2026-05-18 18:41:08,187 - INFO -   3f942df3db43
2026-05-18 18:41:08,187 - INFO - ▶ 执行: docker commit 3f942df3db43 103:20260518
2026-05-18 18:41:08,356 - INFO - ✅ SSH连接成功 10.10.10.221
2026-05-18 18:41:08,357 - INFO - ▶ 执行: docker start 412074d4c560
2026-05-18 18:41:09,791 - INFO - ▶ 执行: docker start c2784aac4021
2026-05-18 18:41:10,088 - INFO - ✅ SSH连接成功 10.10.10.221
2026-05-18 18:41:10,088 - INFO - ▶ 执行: docker start c2784aac4021
2026-05-18 18:41:11,421 - INFO - ✅ SSH连接成功 10.10.10.221
2026-05-18 18:41:14,551 - INFO - ▶ 执行: docker stop fee4d1542cad && docker rm fee4d1542cad
2026-05-18 18:41:14,822 - INFO - ✅ SSH连接成功 10.10.10.221
2026-05-18 18:41:14,822 - INFO - ▶ 执行: docker stop fee4d1542cad && docker rm fee4d1542cad
2026-05-18 18:41:14,904 - INFO -   sha256:f3a1b36453b9999b5c9bc545504c568c8ef5149e3a5dbd3013c39d114a0fe866
2026-05-18 18:41:14,905 - INFO - ▶ 执行: docker save -o /opt/tar/103_20260518_184012.tar 103:20260518
2026-05-18 18:41:15,075 - INFO -   fee4d1542cad
2026-05-18 18:41:15,075 - INFO -   fee4d1542cad
2026-05-18 18:41:15,076 - INFO - ▶ 执行: echo OK
2026-05-18 18:41:15,130 - INFO -   OK
2026-05-18 18:41:15,130 - INFO - ✅ del_container_fee4d1542cad 操作成功!
2026-05-18 18:41:15,464 - INFO - 首页更新: 10容器 25镜像 5网络
2026-05-18 18:41:15,465 - INFO - ✅ Docker信息加载完成
2026-05-18 18:41:15,637 - INFO - 正在刷新Docker信息...
2026-05-18 18:41:15,904 - INFO - ✅ SSH连接成功 10.10.10.221
2026-05-18 18:41:16,020 - INFO -   412074d4c560
2026-05-18 18:41:16,021 - INFO - ▶ 执行: echo OK
2026-05-18 18:41:16,024 - INFO -   c2784aac4021
2026-05-18 18:41:16,024 - INFO - ▶ 执行: echo OK
2026-05-18 18:41:16,075 - INFO -   OK
2026-05-18 18:41:16,076 - INFO - ✅ start_412074d4c560 操作成功!
2026-05-18 18:41:16,077 - INFO -   OK
2026-05-18 18:41:16,080 - INFO - ✅ start_c2784aac4021 操作成功!
2026-05-18 18:41:16,566 - INFO - 正在刷新Docker信息...
2026-05-18 18:41:16,582 - INFO - 正在刷新Docker信息...
2026-05-18 18:41:17,083 - INFO - ✅ SSH连接成功 10.10.10.221
2026-05-18 18:41:17,102 - INFO - ✅ SSH连接成功 10.10.10.221
2026-05-18 18:41:17,294 - INFO - 首页更新: 9容器 25镜像 5网络
2026-05-18 18:41:17,295 - INFO - ✅ Docker信息加载完成
2026-05-18 18:41:17,966 - INFO - 首页更新: 9容器 25镜像 5网络
2026-05-18 18:41:17,969 - INFO - ✅ Docker信息加载完成
2026-05-18 18:41:17,972 - INFO - 首页更新: 9容器 25镜像 5网络
2026-05-18 18:41:17,973 - INFO - ✅ Docker信息加载完成
2026-05-18 18:41:52,057 - INFO - ✅ 批量导出完成: 2/2
