2026-05-18 17:31:09,763 - INFO - DockerManager initialized
2026-05-18 17:31:10,421 - INFO - 就绪，请连接SSH服务器
2026-05-18 17:31:26,175 - INFO - 正在连接 root@10.10.10.221:22 ...
2026-05-18 17:31:26,688 - INFO - ✅ SSH连接成功 10.10.10.221
2026-05-18 17:31:27,453 - INFO - 首页更新: 10容器 4镜像 5网络
2026-05-18 17:31:27,455 - INFO - ✅ Docker信息加载完成
2026-05-18 17:31:43,786 - INFO - ▶ 开始批量导出: 1 个容器
2026-05-18 17:31:44,098 - INFO - ✅ SSH连接成功 10.10.10.221
2026-05-18 17:31:44,098 - INFO - ▶ 执行: docker stop 3f942df3db43
2026-05-18 17:31:54,433 - INFO -   3f942df3db43
2026-05-18 17:31:54,435 - INFO - ▶ 执行: docker commit 3f942df3db43 103:20260518
2026-05-18 17:31:54,711 - INFO -   sha256:4d3a2643955bd44ab659a659007715c486df6515a1c84eddbc475f3cdb2aae53
2026-05-18 17:31:54,712 - INFO - ▶ 执行: docker save -o /opt/tar/103_20260518.tar 103:20260518
2026-05-18 17:32:45,660 - INFO - ✅ 批量导出完成: 1/1
2026-05-18 17:33:25,207 - INFO - 正在刷新Docker信息...
2026-05-18 17:33:25,496 - INFO - ✅ SSH连接成功 10.10.10.221
2026-05-18 17:33:26,390 - INFO - 首页更新: 10容器 5镜像 5网络
2026-05-18 17:33:26,391 - INFO - ✅ Docker信息加载完成
2026-05-18 17:33:50,540 - INFO - ▶ 开始批量导出: 1 个容器
2026-05-18 17:33:50,811 - INFO - ✅ SSH连接成功 10.10.10.221
2026-05-18 17:33:50,811 - INFO - ▶ 执行: docker stop 3f942df3db43
2026-05-18 17:33:50,909 - INFO -   3f942df3db43
2026-05-18 17:33:50,910 - INFO - ▶ 执行: docker commit 3f942df3db43 103:20260518
2026-05-18 17:33:51,205 - INFO -   sha256:3a5c2c37f55565991024913edd073a887ab60f5d12358eccfd5a3f6965769672
2026-05-18 17:33:51,206 - INFO - ▶ 执行: docker save -o /opt/tar/103_20260518_173350.tar 103:20260518
2026-05-18 17:34:40,798 - INFO - ✅ 批量导出完成: 0/1
2026-05-18 17:34:40,804 - INFO - ⚠ 部分容器导出失败，请查看日志
2026-05-18 17:40:16,164 - INFO - 正在刷新Docker信息...
2026-05-18 17:40:31,171 - INFO - ❌ 错误: timed out
