2026-05-18 17:40:37,461 - INFO - DockerManager initialized
2026-05-18 17:40:38,097 - INFO - 就绪，请连接SSH服务器
2026-05-18 17:40:49,840 - INFO - 正在连接 root@10.10.10.221:22 ...
2026-05-18 17:41:04,852 - INFO - ❌ 错误: timed out
2026-05-18 17:41:04,960 - INFO - 正在连接 root@10.10.10.221:22 ...
2026-05-18 17:41:05,271 - INFO - ✅ SSH连接成功 10.10.10.221
2026-05-18 17:41:06,175 - INFO - 首页更新: 10容器 6镜像 5网络
2026-05-18 17:41:06,176 - INFO - ✅ Docker信息加载完成
2026-05-18 17:41:21,566 - INFO - ▶ 开始批量导出: 1 个容器
2026-05-18 17:41:21,849 - INFO - ✅ SSH连接成功 10.10.10.221
2026-05-18 17:41:21,851 - INFO - ▶ 执行: docker stop e701b951b13b
2026-05-18 17:41:21,948 - INFO -   e701b951b13b
2026-05-18 17:41:21,949 - INFO - ▶ 执行: docker commit e701b951b13b 101111:20260518
2026-05-18 17:41:22,340 - INFO -   sha256:b61cc47cc7fb3f59221fb7eaed5cacbb6f31fac4e6d3ff1d8359fc79ab5a7863
2026-05-18 17:41:22,341 - INFO - ▶ 执行: docker save -o /opt/tar/101111_20260518.tar 101111:20260518
2026-05-18 17:42:22,381 - INFO - ✅ 批量导出完成: 1/1
2026-05-18 17:42:52,555 - INFO - 正在刷新Docker信息...
2026-05-18 17:42:52,865 - INFO - ✅ SSH连接成功 10.10.10.221
2026-05-18 17:42:53,766 - INFO - 首页更新: 10容器 7镜像 5网络
2026-05-18 17:42:53,768 - INFO - ✅ Docker信息加载完成
2026-05-18 17:45:45,917 - INFO - ▶ 开始批量导出: 2 个容器
2026-05-18 17:45:46,224 - INFO - ✅ SSH连接成功 10.10.10.221
2026-05-18 17:45:46,225 - INFO - ▶ 执行: docker stop 3f942df3db43
2026-05-18 17:45:46,326 - INFO -   3f942df3db43
2026-05-18 17:45:46,327 - INFO - ▶ 执行: docker commit 3f942df3db43 103:20260518
2026-05-18 17:45:46,716 - INFO -   sha256:42dc621c1c43e8a55707f383334d9d1765480ca7e882ebddeed8c8993f9581a0
2026-05-18 17:45:46,717 - INFO - ▶ 执行: docker save -o /opt/tar/103_20260518_174545.tar 103:20260518
2026-05-18 17:46:42,776 - INFO - ▶ 执行: docker stop e701b951b13b
2026-05-18 17:46:44,633 - INFO -   e701b951b13b
2026-05-18 17:46:44,634 - INFO - ▶ 执行: docker commit e701b951b13b 101:20260518
2026-05-18 17:46:45,176 - INFO -   sha256:4067d78f09d3a5df7f7a1d7b5b54efaa9862ca9cfc6ee031fe7be3c4327c7dab
2026-05-18 17:46:45,177 - INFO - ▶ 执行: docker save -o /opt/tar/101_20260518_174545.tar 101:20260518
2026-05-18 17:47:41,368 - INFO - ✅ 批量导出完成: 2/2
2026-05-18 17:47:43,991 - INFO - 正在刷新Docker信息...
2026-05-18 17:47:46,544 - INFO - ✅ SSH连接成功 10.10.10.221
2026-05-18 17:47:47,448 - INFO - 首页更新: 10容器 9镜像 5网络
2026-05-18 17:47:47,449 - INFO - ✅ Docker信息加载完成
