2026-05-19 11:38:01,966 - INFO - DockerManager initialized
2026-05-19 11:38:02,308 - INFO - 就绪，请连接SSH服务器
2026-05-19 11:38:12,726 - INFO - 正在连接 root@10.10.10.221:22 ...
2026-05-19 11:38:13,041 - INFO - ✅ SSH连接成功 10.10.10.221
2026-05-19 11:38:13,789 - INFO - 首页更新: 6容器 6镜像 5网络
2026-05-19 11:38:13,790 - INFO - ✅ Docker信息加载完成
2026-05-19 11:39:24,127 - INFO - ▶ 查询 /opt/tar/ 中的镜像文件...
2026-05-19 11:39:25,334 - INFO - ✅ SSH连接成功 10.10.10.221
2026-05-19 11:39:25,335 - INFO - ▶ 执行: ls -1 /opt/tar/*.tar /opt/tar/*.tar.gz 2>/dev/null || echo '空'
2026-05-19 11:39:29,257 - INFO - ▶ 查询 /opt/tar/ 中的镜像文件...
2026-05-19 11:39:29,585 - INFO - 正在刷新Docker信息...
2026-05-19 11:39:29,599 - INFO - ✅ SSH连接成功 10.10.10.221
2026-05-19 11:39:29,599 - INFO - ▶ 执行: ls -1 /opt/tar/*.tar /opt/tar/*.tar.gz 2>/dev/null || echo '空'
2026-05-19 11:39:29,873 - INFO - ✅ SSH连接成功 10.10.10.221
2026-05-19 11:39:30,046 - INFO -   /opt/tar/20230522cMRFP03-GZ.tar
2026-05-19 11:39:30,047 - INFO -   /opt/tar/555_20260518.tar
2026-05-19 11:39:30,047 - INFO -   /opt/tar/666_20260518_181958.tar
2026-05-19 11:39:30,048 - INFO -   /opt/tar/666_20260518_182701.tar
2026-05-19 11:39:30,049 - INFO -   /opt/tar/666_20260518_183559.tar
2026-05-19 11:39:30,065 - INFO -   /opt/tar/20230522cMRFP03-GZ.tar
2026-05-19 11:39:30,065 - INFO -   /opt/tar/555_20260518.tar
2026-05-19 11:39:30,066 - INFO -   /opt/tar/666_20260518_181958.tar
2026-05-19 11:39:30,066 - INFO -   /opt/tar/666_20260518_182701.tar
2026-05-19 11:39:30,066 - INFO -   /opt/tar/666_20260518_183559.tar
2026-05-19 11:39:33,360 - INFO - ▶ 查询 /opt/tar/ 中的镜像文件...
2026-05-19 11:39:33,655 - INFO - ✅ SSH连接成功 10.10.10.221
2026-05-19 11:39:33,655 - INFO - ▶ 执行: ls -1 /opt/tar/*.tar /opt/tar/*.tar.gz 2>/dev/null || echo '空'
2026-05-19 11:39:33,759 - INFO -   /opt/tar/104_20260519.tar
2026-05-19 11:39:33,760 - INFO -   /opt/tar/20230522cMRFP03-GZ.tar
2026-05-19 11:39:33,761 - INFO -   /opt/tar/555_20260518.tar
2026-05-19 11:39:33,761 - INFO -   /opt/tar/666_20260518_181958.tar
2026-05-19 11:39:33,762 - INFO -   /opt/tar/666_20260518_182701.tar
2026-05-19 11:39:35,429 - INFO - 首页更新: 6容器 7镜像 5网络
2026-05-19 11:39:35,431 - INFO - ✅ Docker信息加载完成
